#
# There is insufficient memory for the Java Runtime Environment to continue.
# Native memory allocation (mmap) failed to map 65536 bytes for Failed to commit metaspace.
# Possible reasons:
#   The system is out of physical RAM or swap space
#   The process is running with CompressedOops enabled, and the Java Heap may be blocking the growth of the native heap
# Possible solutions:
#   Reduce memory load on the system
#   Increase physical memory or swap space
#   Check if swap backing store is full
#   Decrease Java heap size (-Xmx/-Xms)
#   Decrease number of Java threads
#   Decrease Java thread stack sizes (-Xss)
#   Set larger code cache with -XX:ReservedCodeCacheSize=
#   JVM is running with Unscaled Compressed Oops mode in which the Java heap is
#     placed in the first 4GB address space. The Java Heap base address is the
#     maximum limit for the native heap growth. Please use -XX:HeapBaseMinAddress
#     to set the Java Heap base and to place the Java Heap above 4GB virtual address.
# This output file may be truncated or incomplete.
#
#  Out of Memory Error (virtualSpaceNode.cpp:110), pid=3832, tid=11804
#
# JRE version: Java(TM) SE Runtime Environment (17.0.2+8) (build 17.0.2+8-LTS-86)
# Java VM: Java HotSpot(TM) 64-Bit Server VM (17.0.2+8-LTS-86, mixed mode, tiered, compressed oops, compressed class ptrs, g1 gc, windows-amd64)
# No core dump will be written. Minidumps are not enabled by default on client versions of Windows
#

---------------  S U M M A R Y ------------

Command Line: -Dclassworlds.conf=C:\apache-maven-3.9.4-bin\apache-maven-3.9.4\bin\m2.conf -Dmaven.home=C:\apache-maven-3.9.4-bin\apache-maven-3.9.4 -Dlibrary.jansi.path=C:\apache-maven-3.9.4-bin\apache-maven-3.9.4\lib\jansi-native -Dmaven.multiModuleProjectDirectory=C:\Users\devops\Downloads\ac2_ca-main org.codehaus.plexus.classworlds.launcher.Launcher clean package

Host: 11th Gen Intel(R) Core(TM) i5-1135G7 @ 2.40GHz, 8 cores, 7G,  Windows 10 , 64 bit Build 19041 (10.0.19041.4717)
Time: Thu Nov  7 20:28:45 2024 Hora oficial do Brasil elapsed time: 1.254870 seconds (0d 0h 0m 1s)

---------------  T H R E A D  ---------------

Current thread (0x0000019a87c5a630):  JavaThread "main" [_thread_in_vm, id=11804, stack(0x0000006f2c700000,0x0000006f2c800000)]

Stack: [0x0000006f2c700000,0x0000006f2c800000]
Native frames: (J=compiled Java code, j=interpreted, Vv=VM code, C=native code)
V  [jvm.dll+0x670baa]
V  [jvm.dll+0x7cfcb4]
V  [jvm.dll+0x7d145e]
V  [jvm.dll+0x7d1ac3]
V  [jvm.dll+0x242bc5]
V  [jvm.dll+0x7cbc5b]
V  [jvm.dll+0x616966]
V  [jvm.dll+0x1be3ee]
V  [jvm.dll+0x6192a1]
V  [jvm.dll+0x617306]
V  [jvm.dll+0x23718f]
V  [jvm.dll+0x621015]
V  [jvm.dll+0x1e7e2b]
V  [jvm.dll+0x1e8365]
V  [jvm.dll+0x1e8d9f]
V  [jvm.dll+0x1de251]
V  [jvm.dll+0x537c30]
V  [jvm.dll+0x74ad28]
V  [jvm.dll+0x74ae14]
V  [jvm.dll+0x408cc5]
V  [jvm.dll+0x40ed18]
C  [java.dll+0x17ec]

Java frames: (J=compiled Java code, j=interpreted, Vv=VM code)
j  java.lang.ClassLoader.defineClass1(Ljava/lang/ClassLoader;Ljava/lang/String;[BIILjava/security/ProtectionDomain;Ljava/lang/String;)Ljava/lang/Class;+0 java.base@17.0.2
j  java.lang.ClassLoader.defineClass(Ljava/lang/String;[BIILjava/security/ProtectionDomain;)Ljava/lang/Class;+27 java.base@17.0.2
j  java.security.SecureClassLoader.defineClass(Ljava/lang/String;[BIILjava/security/CodeSource;)Ljava/lang/Class;+12 java.base@17.0.2
j  java.net.URLClassLoader.defineClass(Ljava/lang/String;Ljdk/internal/loader/Resource;)Ljava/lang/Class;+220 java.base@17.0.2
j  java.net.URLClassLoader$1.run()Ljava/lang/Class;+43 java.base@17.0.2
j  java.net.URLClassLoader$1.run()Ljava/lang/Object;+1 java.base@17.0.2
j  java.security.AccessController.executePrivileged(Ljava/security/PrivilegedExceptionAction;Ljava/security/AccessControlContext;Ljava/lang/Class;)Ljava/lang/Object;+29 java.base@17.0.2
j  java.security.AccessController.doPrivileged(Ljava/security/PrivilegedExceptionAction;Ljava/security/AccessControlContext;)Ljava/lang/Object;+13 java.base@17.0.2
j  java.net.URLClassLoader.findClass(Ljava/lang/String;)Ljava/lang/Class;+13 java.base@17.0.2
j  org.codehaus.plexus.classworlds.realm.ClassRealm.findClassInternal(Ljava/lang/String;)Ljava/lang/Class;+2
j  org.codehaus.plexus.classworlds.realm.ClassRealm.loadClassFromSelf(Ljava/lang/String;)Ljava/lang/Class;+20
j  org.codehaus.plexus.classworlds.strategy.SelfFirstStrategy.loadClass(Ljava/lang/String;)Ljava/lang/Class;+18
j  org.codehaus.plexus.classworlds.realm.ClassRealm.unsynchronizedLoadClass(Ljava/lang/String;Z)Ljava/lang/Class;+13
j  org.codehaus.plexus.classworlds.realm.ClassRealm.loadClass(Ljava/lang/String;Z)Ljava/lang/Class;+9
j  org.codehaus.plexus.classworlds.realm.ClassRealm.loadClass(Ljava/lang/String;)Ljava/lang/Class;+3
v  ~StubRoutines::call_stub
j  org.apache.maven.cli.CLIManager.parse([Ljava/lang/String;)Lorg/apache/commons/cli/CommandLine;+5
j  org.apache.maven.cli.MavenCli.cli(Lorg/apache/maven/cli/CliRequest;)V+237
j  org.apache.maven.cli.MavenCli.doMain(Lorg/apache/maven/cli/CliRequest;)I+9
j  org.apache.maven.cli.MavenCli.main([Ljava/lang/String;Lorg/codehaus/plexus/classworlds/ClassWorld;)I+24
v  ~StubRoutines::call_stub
j  jdk.internal.reflect.NativeMethodAccessorImpl.invoke0(Ljava/lang/reflect/Method;Ljava/lang/Object;[Ljava/lang/Object;)Ljava/lang/Object;+0 java.base@17.0.2
j  jdk.internal.reflect.NativeMethodAccessorImpl.invoke(Ljava/lang/Object;[Ljava/lang/Object;)Ljava/lang/Object;+133 java.base@17.0.2
j  jdk.internal.reflect.DelegatingMethodAccessorImpl.invoke(Ljava/lang/Object;[Ljava/lang/Object;)Ljava/lang/Object;+6 java.base@17.0.2
j  java.lang.reflect.Method.invoke(Ljava/lang/Object;[Ljava/lang/Object;)Ljava/lang/Object;+59 java.base@17.0.2
j  org.codehaus.plexus.classworlds.launcher.Launcher.launchEnhanced([Ljava/lang/String;)V+45
j  org.codehaus.plexus.classworlds.launcher.Launcher.launch([Ljava/lang/String;)V+2
j  org.codehaus.plexus.classworlds.launcher.Launcher.mainWithExitCode([Ljava/lang/String;)I+108
j  org.codehaus.plexus.classworlds.launcher.Launcher.main([Ljava/lang/String;)V+1
v  ~StubRoutines::call_stub

---------------  P R O C E S S  ---------------

Threads class SMR info:
_java_thread_list=0x0000019aa6987ba0, length=12, elements={
0x0000019a87c5a630, 0x0000019aa5c95260, 0x0000019aa5c95a20, 0x0000019aa5ca6360,
0x0000019aa5ca6a30, 0x0000019aa5cab510, 0x0000019aa5cacae0, 0x0000019aa68187f0,
0x0000019aa68243b0, 0x0000019aa68249b0, 0x0000019aa697adf0, 0x0000019aa6990990
}

Java Threads: ( => current thread )
=>0x0000019a87c5a630 JavaThread "main" [_thread_in_vm, id=11804, stack(0x0000006f2c700000,0x0000006f2c800000)]
  0x0000019aa5c95260 JavaThread "Reference Handler" daemon [_thread_blocked, id=17568, stack(0x0000006f2ce00000,0x0000006f2cf00000)]
  0x0000019aa5c95a20 JavaThread "Finalizer" daemon [_thread_blocked, id=5856, stack(0x0000006f2cf00000,0x0000006f2d000000)]
  0x0000019aa5ca6360 JavaThread "Signal Dispatcher" daemon [_thread_blocked, id=18024, stack(0x0000006f2d000000,0x0000006f2d100000)]
  0x0000019aa5ca6a30 JavaThread "Attach Listener" daemon [_thread_blocked, id=13052, stack(0x0000006f2d100000,0x0000006f2d200000)]
  0x0000019aa5cab510 JavaThread "Service Thread" daemon [_thread_blocked, id=3260, stack(0x0000006f2d200000,0x0000006f2d300000)]
  0x0000019aa5cacae0 JavaThread "Monitor Deflation Thread" daemon [_thread_blocked, id=7144, stack(0x0000006f2d300000,0x0000006f2d400000)]
  0x0000019aa68187f0 JavaThread "C2 CompilerThread0" daemon [_thread_blocked, id=2824, stack(0x0000006f2d400000,0x0000006f2d500000)]
  0x0000019aa68243b0 JavaThread "C1 CompilerThread0" daemon [_thread_blocked, id=13532, stack(0x0000006f2d500000,0x0000006f2d600000)]
  0x0000019aa68249b0 JavaThread "Sweeper thread" daemon [_thread_blocked, id=15120, stack(0x0000006f2d600000,0x0000006f2d700000)]
  0x0000019aa697adf0 JavaThread "Notification Thread" daemon [_thread_blocked, id=3344, stack(0x0000006f2d700000,0x0000006f2d800000)]
  0x0000019aa6990990 JavaThread "Common-Cleaner" daemon [_thread_blocked, id=2948, stack(0x0000006f2d900000,0x0000006f2da00000)]

Other Threads:
  0x0000019aa5c7ea60 VMThread "VM Thread" [stack: 0x0000006f2cd00000,0x0000006f2ce00000] [id=12904]
  0x0000019aa697b2c0 WatcherThread [stack: 0x0000006f2d800000,0x0000006f2d900000] [id=3000]
  0x0000019a87c95150 GCTaskThread "GC Thread#0" [stack: 0x0000006f2c800000,0x0000006f2c900000] [id=12300]
  0x0000019a87ca6a60 ConcurrentGCThread "G1 Main Marker" [stack: 0x0000006f2c900000,0x0000006f2ca00000] [id=12008]
  0x0000019a87ca9c30 ConcurrentGCThread "G1 Conc#0" [stack: 0x0000006f2ca00000,0x0000006f2cb00000] [id=15332]
  0x0000019a87d21c70 ConcurrentGCThread "G1 Refine#0" [stack: 0x0000006f2cb00000,0x0000006f2cc00000] [id=3684]
  0x0000019aa5ad03e0 ConcurrentGCThread "G1 Service" [stack: 0x0000006f2cc00000,0x0000006f2cd00000] [id=1404]

Threads with active compile tasks:

VM state: not at safepoint (normal execution)

VM Mutex/Monitor currently owned by a thread:  ([mutex/lock_event])
[0x0000019a87c574e0] Metaspace_lock - owner thread: 0x0000019a87c5a630

Heap address: 0x0000000083200000, size: 1998 MB, Compressed Oops mode: 32-bit

CDS archive(s) not mapped
Compressed class space mapped at: 0x0000000100000000-0x0000000140000000, reserved size: 1073741824
Narrow klass base: 0x0000000000000000, Narrow klass shift: 3, Narrow klass range: 0x140000000

GC Precious Log:
 CPUs: 8 total, 8 available
 Memory: 7991M
 Large Page Support: Disabled
 NUMA Support: Disabled
 Compressed Oops: Enabled (32-bit)
 Heap Region Size: 1M
 Heap Min Capacity: 8M
 Heap Initial Capacity: 126M
 Heap Max Capacity: 1998M
 Pre-touch: Disabled
 Parallel Workers: 8
 Concurrent Workers: 2
 Concurrent Refinement Workers: 8
 Periodic GC: Disabled

Heap:
 garbage-first heap   total 129024K, used 3072K [0x0000000083200000, 0x0000000100000000)
  region size 1024K, 5 young (5120K), 0 survivors (0K)
 Metaspace       used 7258K, committed 7424K, reserved 1056768K
  class space    used 615K, committed 704K, reserved 1048576K

Heap Regions: E=young(eden), S=young(survivor), O=old, HS=humongous(starts), HC=humongous(continues), CS=collection set, F=free, OA=open archive, CA=closed archive, TAMS=top-at-mark-start (previous, next)
|   0|0x0000000083200000, 0x0000000083200000, 0x0000000083300000|  0%| F|  |TAMS 0x0000000083200000, 0x0000000083200000| Untracked 
|   1|0x0000000083300000, 0x0000000083300000, 0x0000000083400000|  0%| F|  |TAMS 0x0000000083300000, 0x0000000083300000| Untracked 
|   2|0x0000000083400000, 0x0000000083400000, 0x0000000083500000|  0%| F|  |TAMS 0x0000000083400000, 0x0000000083400000| Untracked 
|   3|0x0000000083500000, 0x0000000083500000, 0x0000000083600000|  0%| F|  |TAMS 0x0000000083500000, 0x0000000083500000| Untracked 
|   4|0x0000000083600000, 0x0000000083600000, 0x0000000083700000|  0%| F|  |TAMS 0x0000000083600000, 0x0000000083600000| Untracked 
|   5|0x0000000083700000, 0x0000000083700000, 0x0000000083800000|  0%| F|  |TAMS 0x0000000083700000, 0x0000000083700000| Untracked 
|   6|0x0000000083800000, 0x0000000083800000, 0x0000000083900000|  0%| F|  |TAMS 0x0000000083800000, 0x0000000083800000| Untracked 
|   7|0x0000000083900000, 0x0000000083900000, 0x0000000083a00000|  0%| F|  |TAMS 0x0000000083900000, 0x0000000083900000| Untracked 
|   8|0x0000000083a00000, 0x0000000083a00000, 0x0000000083b00000|  0%| F|  |TAMS 0x0000000083a00000, 0x0000000083a00000| Untracked 
|   9|0x0000000083b00000, 0x0000000083b00000, 0x0000000083c00000|  0%| F|  |TAMS 0x0000000083b00000, 0x0000000083b00000| Untracked 
|  10|0x0000000083c00000, 0x0000000083c00000, 0x0000000083d00000|  0%| F|  |TAMS 0x0000000083c00000, 0x0000000083c00000| Untracked 
|  11|0x0000000083d00000, 0x0000000083d00000, 0x0000000083e00000|  0%| F|  |TAMS 0x0000000083d00000, 0x0000000083d00000| Untracked 
|  12|0x0000000083e00000, 0x0000000083e00000, 0x0000000083f00000|  0%| F|  |TAMS 0x0000000083e00000, 0x0000000083e00000| Untracked 
|  13|0x0000000083f00000, 0x0000000083f00000, 0x0000000084000000|  0%| F|  |TAMS 0x0000000083f00000, 0x0000000083f00000| Untracked 
|  14|0x0000000084000000, 0x0000000084000000, 0x0000000084100000|  0%| F|  |TAMS 0x0000000084000000, 0x0000000084000000| Untracked 
|  15|0x0000000084100000, 0x0000000084100000, 0x0000000084200000|  0%| F|  |TAMS 0x0000000084100000, 0x0000000084100000| Untracked 
|  16|0x0000000084200000, 0x0000000084200000, 0x0000000084300000|  0%| F|  |TAMS 0x0000000084200000, 0x0000000084200000| Untracked 
|  17|0x0000000084300000, 0x0000000084300000, 0x0000000084400000|  0%| F|  |TAMS 0x0000000084300000, 0x0000000084300000| Untracked 
|  18|0x0000000084400000, 0x0000000084400000, 0x0000000084500000|  0%| F|  |TAMS 0x0000000084400000, 0x0000000084400000| Untracked 
|  19|0x0000000084500000, 0x0000000084500000, 0x0000000084600000|  0%| F|  |TAMS 0x0000000084500000, 0x0000000084500000| Untracked 
|  20|0x0000000084600000, 0x0000000084600000, 0x0000000084700000|  0%| F|  |TAMS 0x0000000084600000, 0x0000000084600000| Untracked 
|  21|0x0000000084700000, 0x0000000084700000, 0x0000000084800000|  0%| F|  |TAMS 0x0000000084700000, 0x0000000084700000| Untracked 
|  22|0x0000000084800000, 0x0000000084800000, 0x0000000084900000|  0%| F|  |TAMS 0x0000000084800000, 0x0000000084800000| Untracked 
|  23|0x0000000084900000, 0x0000000084900000, 0x0000000084a00000|  0%| F|  |TAMS 0x0000000084900000, 0x0000000084900000| Untracked 
|  24|0x0000000084a00000, 0x0000000084a00000, 0x0000000084b00000|  0%| F|  |TAMS 0x0000000084a00000, 0x0000000084a00000| Untracked 
|  25|0x0000000084b00000, 0x0000000084b00000, 0x0000000084c00000|  0%| F|  |TAMS 0x0000000084b00000, 0x0000000084b00000| Untracked 
|  26|0x0000000084c00000, 0x0000000084c00000, 0x0000000084d00000|  0%| F|  |TAMS 0x0000000084c00000, 0x0000000084c00000| Untracked 
|  27|0x0000000084d00000, 0x0000000084d00000, 0x0000000084e00000|  0%| F|  |TAMS 0x0000000084d00000, 0x0000000084d00000| Untracked 
|  28|0x0000000084e00000, 0x0000000084e00000, 0x0000000084f00000|  0%| F|  |TAMS 0x0000000084e00000, 0x0000000084e00000| Untracked 
|  29|0x0000000084f00000, 0x0000000084f00000, 0x0000000085000000|  0%| F|  |TAMS 0x0000000084f00000, 0x0000000084f00000| Untracked 
|  30|0x0000000085000000, 0x0000000085000000, 0x0000000085100000|  0%| F|  |TAMS 0x0000000085000000, 0x0000000085000000| Untracked 
|  31|0x0000000085100000, 0x0000000085100000, 0x0000000085200000|  0%| F|  |TAMS 0x0000000085100000, 0x0000000085100000| Untracked 
|  32|0x0000000085200000, 0x0000000085200000, 0x0000000085300000|  0%| F|  |TAMS 0x0000000085200000, 0x0000000085200000| Untracked 
|  33|0x0000000085300000, 0x0000000085300000, 0x0000000085400000|  0%| F|  |TAMS 0x0000000085300000, 0x0000000085300000| Untracked 
|  34|0x0000000085400000, 0x0000000085400000, 0x0000000085500000|  0%| F|  |TAMS 0x0000000085400000, 0x0000000085400000| Untracked 
|  35|0x0000000085500000, 0x0000000085500000, 0x0000000085600000|  0%| F|  |TAMS 0x0000000085500000, 0x0000000085500000| Untracked 
|  36|0x0000000085600000, 0x0000000085600000, 0x0000000085700000|  0%| F|  |TAMS 0x0000000085600000, 0x0000000085600000| Untracked 
|  37|0x0000000085700000, 0x0000000085700000, 0x0000000085800000|  0%| F|  |TAMS 0x0000000085700000, 0x0000000085700000| Untracked 
|  38|0x0000000085800000, 0x0000000085800000, 0x0000000085900000|  0%| F|  |TAMS 0x0000000085800000, 0x0000000085800000| Untracked 
|  39|0x0000000085900000, 0x0000000085900000, 0x0000000085a00000|  0%| F|  |TAMS 0x0000000085900000, 0x0000000085900000| Untracked 
|  40|0x0000000085a00000, 0x0000000085a00000, 0x0000000085b00000|  0%| F|  |TAMS 0x0000000085a00000, 0x0000000085a00000| Untracked 
|  41|0x0000000085b00000, 0x0000000085b00000, 0x0000000085c00000|  0%| F|  |TAMS 0x0000000085b00000, 0x0000000085b00000| Untracked 
|  42|0x0000000085c00000, 0x0000000085c00000, 0x0000000085d00000|  0%| F|  |TAMS 0x0000000085c00000, 0x0000000085c00000| Untracked 
|  43|0x0000000085d00000, 0x0000000085d00000, 0x0000000085e00000|  0%| F|  |TAMS 0x0000000085d00000, 0x0000000085d00000| Untracked 
|  44|0x0000000085e00000, 0x0000000085e00000, 0x0000000085f00000|  0%| F|  |TAMS 0x0000000085e00000, 0x0000000085e00000| Untracked 
|  45|0x0000000085f00000, 0x0000000085f00000, 0x0000000086000000|  0%| F|  |TAMS 0x0000000085f00000, 0x0000000085f00000| Untracked 
|  46|0x0000000086000000, 0x0000000086000000, 0x0000000086100000|  0%| F|  |TAMS 0x0000000086000000, 0x0000000086000000| Untracked 
|  47|0x0000000086100000, 0x0000000086100000, 0x0000000086200000|  0%| F|  |TAMS 0x0000000086100000, 0x0000000086100000| Untracked 
|  48|0x0000000086200000, 0x0000000086200000, 0x0000000086300000|  0%| F|  |TAMS 0x0000000086200000, 0x0000000086200000| Untracked 
|  49|0x0000000086300000, 0x0000000086300000, 0x0000000086400000|  0%| F|  |TAMS 0x0000000086300000, 0x0000000086300000| Untracked 
|  50|0x0000000086400000, 0x0000000086400000, 0x0000000086500000|  0%| F|  |TAMS 0x0000000086400000, 0x0000000086400000| Untracked 
|  51|0x0000000086500000, 0x0000000086500000, 0x0000000086600000|  0%| F|  |TAMS 0x0000000086500000, 0x0000000086500000| Untracked 
|  52|0x0000000086600000, 0x0000000086600000, 0x0000000086700000|  0%| F|  |TAMS 0x0000000086600000, 0x0000000086600000| Untracked 
|  53|0x0000000086700000, 0x0000000086700000, 0x0000000086800000|  0%| F|  |TAMS 0x0000000086700000, 0x0000000086700000| Untracked 
|  54|0x0000000086800000, 0x0000000086800000, 0x0000000086900000|  0%| F|  |TAMS 0x0000000086800000, 0x0000000086800000| Untracked 
|  55|0x0000000086900000, 0x0000000086900000, 0x0000000086a00000|  0%| F|  |TAMS 0x0000000086900000, 0x0000000086900000| Untracked 
|  56|0x0000000086a00000, 0x0000000086a00000, 0x0000000086b00000|  0%| F|  |TAMS 0x0000000086a00000, 0x0000000086a00000| Untracked 
|  57|0x0000000086b00000, 0x0000000086b00000, 0x0000000086c00000|  0%| F|  |TAMS 0x0000000086b00000, 0x0000000086b00000| Untracked 
|  58|0x0000000086c00000, 0x0000000086c00000, 0x0000000086d00000|  0%| F|  |TAMS 0x0000000086c00000, 0x0000000086c00000| Untracked 
|  59|0x0000000086d00000, 0x0000000086d00000, 0x0000000086e00000|  0%| F|  |TAMS 0x0000000086d00000, 0x0000000086d00000| Untracked 
|  60|0x0000000086e00000, 0x0000000086e00000, 0x0000000086f00000|  0%| F|  |TAMS 0x0000000086e00000, 0x0000000086e00000| Untracked 
|  61|0x0000000086f00000, 0x0000000086f00000, 0x0000000087000000|  0%| F|  |TAMS 0x0000000086f00000, 0x0000000086f00000| Untracked 
|  62|0x0000000087000000, 0x0000000087000000, 0x0000000087100000|  0%| F|  |TAMS 0x0000000087000000, 0x0000000087000000| Untracked 
|  63|0x0000000087100000, 0x0000000087100000, 0x0000000087200000|  0%| F|  |TAMS 0x0000000087100000, 0x0000000087100000| Untracked 
|  64|0x0000000087200000, 0x0000000087200000, 0x0000000087300000|  0%| F|  |TAMS 0x0000000087200000, 0x0000000087200000| Untracked 
|  65|0x0000000087300000, 0x0000000087300000, 0x0000000087400000|  0%| F|  |TAMS 0x0000000087300000, 0x0000000087300000| Untracked 
|  66|0x0000000087400000, 0x0000000087400000, 0x0000000087500000|  0%| F|  |TAMS 0x0000000087400000, 0x0000000087400000| Untracked 
|  67|0x0000000087500000, 0x0000000087500000, 0x0000000087600000|  0%| F|  |TAMS 0x0000000087500000, 0x0000000087500000| Untracked 
|  68|0x0000000087600000, 0x0000000087600000, 0x0000000087700000|  0%| F|  |TAMS 0x0000000087600000, 0x0000000087600000| Untracked 
|  69|0x0000000087700000, 0x0000000087700000, 0x0000000087800000|  0%| F|  |TAMS 0x0000000087700000, 0x0000000087700000| Untracked 
|  70|0x0000000087800000, 0x0000000087800000, 0x0000000087900000|  0%| F|  |TAMS 0x0000000087800000, 0x0000000087800000| Untracked 
|  71|0x0000000087900000, 0x0000000087900000, 0x0000000087a00000|  0%| F|  |TAMS 0x0000000087900000, 0x0000000087900000| Untracked 
|  72|0x0000000087a00000, 0x0000000087a00000, 0x0000000087b00000|  0%| F|  |TAMS 0x0000000087a00000, 0x0000000087a00000| Untracked 
|  73|0x0000000087b00000, 0x0000000087b00000, 0x0000000087c00000|  0%| F|  |TAMS 0x0000000087b00000, 0x0000000087b00000| Untracked 
|  74|0x0000000087c00000, 0x0000000087c00000, 0x0000000087d00000|  0%| F|  |TAMS 0x0000000087c00000, 0x0000000087c00000| Untracked 
|  75|0x0000000087d00000, 0x0000000087d00000, 0x0000000087e00000|  0%| F|  |TAMS 0x0000000087d00000, 0x0000000087d00000| Untracked 
|  76|0x0000000087e00000, 0x0000000087e00000, 0x0000000087f00000|  0%| F|  |TAMS 0x0000000087e00000, 0x0000000087e00000| Untracked 
|  77|0x0000000087f00000, 0x0000000087f00000, 0x0000000088000000|  0%| F|  |TAMS 0x0000000087f00000, 0x0000000087f00000| Untracked 
|  78|0x0000000088000000, 0x0000000088000000, 0x0000000088100000|  0%| F|  |TAMS 0x0000000088000000, 0x0000000088000000| Untracked 
|  79|0x0000000088100000, 0x0000000088100000, 0x0000000088200000|  0%| F|  |TAMS 0x0000000088100000, 0x0000000088100000| Untracked 
|  80|0x0000000088200000, 0x0000000088200000, 0x0000000088300000|  0%| F|  |TAMS 0x0000000088200000, 0x0000000088200000| Untracked 
|  81|0x0000000088300000, 0x0000000088300000, 0x0000000088400000|  0%| F|  |TAMS 0x0000000088300000, 0x0000000088300000| Untracked 
|  82|0x0000000088400000, 0x0000000088400000, 0x0000000088500000|  0%| F|  |TAMS 0x0000000088400000, 0x0000000088400000| Untracked 
|  83|0x0000000088500000, 0x0000000088500000, 0x0000000088600000|  0%| F|  |TAMS 0x0000000088500000, 0x0000000088500000| Untracked 
|  84|0x0000000088600000, 0x0000000088600000, 0x0000000088700000|  0%| F|  |TAMS 0x0000000088600000, 0x0000000088600000| Untracked 
|  85|0x0000000088700000, 0x0000000088700000, 0x0000000088800000|  0%| F|  |TAMS 0x0000000088700000, 0x0000000088700000| Untracked 
|  86|0x0000000088800000, 0x0000000088800000, 0x0000000088900000|  0%| F|  |TAMS 0x0000000088800000, 0x0000000088800000| Untracked 
|  87|0x0000000088900000, 0x0000000088900000, 0x0000000088a00000|  0%| F|  |TAMS 0x0000000088900000, 0x0000000088900000| Untracked 
|  88|0x0000000088a00000, 0x0000000088a00000, 0x0000000088b00000|  0%| F|  |TAMS 0x0000000088a00000, 0x0000000088a00000| Untracked 
|  89|0x0000000088b00000, 0x0000000088b00000, 0x0000000088c00000|  0%| F|  |TAMS 0x0000000088b00000, 0x0000000088b00000| Untracked 
|  90|0x0000000088c00000, 0x0000000088c00000, 0x0000000088d00000|  0%| F|  |TAMS 0x0000000088c00000, 0x0000000088c00000| Untracked 
|  91|0x0000000088d00000, 0x0000000088d00000, 0x0000000088e00000|  0%| F|  |TAMS 0x0000000088d00000, 0x0000000088d00000| Untracked 
|  92|0x0000000088e00000, 0x0000000088e00000, 0x0000000088f00000|  0%| F|  |TAMS 0x0000000088e00000, 0x0000000088e00000| Untracked 
|  93|0x0000000088f00000, 0x0000000088f00000, 0x0000000089000000|  0%| F|  |TAMS 0x0000000088f00000, 0x0000000088f00000| Untracked 
|  94|0x0000000089000000, 0x0000000089000000, 0x0000000089100000|  0%| F|  |TAMS 0x0000000089000000, 0x0000000089000000| Untracked 
|  95|0x0000000089100000, 0x0000000089100000, 0x0000000089200000|  0%| F|  |TAMS 0x0000000089100000, 0x0000000089100000| Untracked 
|  96|0x0000000089200000, 0x0000000089200000, 0x0000000089300000|  0%| F|  |TAMS 0x0000000089200000, 0x0000000089200000| Untracked 
|  97|0x0000000089300000, 0x0000000089300000, 0x0000000089400000|  0%| F|  |TAMS 0x0000000089300000, 0x0000000089300000| Untracked 
|  98|0x0000000089400000, 0x0000000089400000, 0x0000000089500000|  0%| F|  |TAMS 0x0000000089400000, 0x0000000089400000| Untracked 
|  99|0x0000000089500000, 0x0000000089500000, 0x0000000089600000|  0%| F|  |TAMS 0x0000000089500000, 0x0000000089500000| Untracked 
| 100|0x0000000089600000, 0x0000000089600000, 0x0000000089700000|  0%| F|  |TAMS 0x0000000089600000, 0x0000000089600000| Untracked 
| 101|0x0000000089700000, 0x0000000089700000, 0x0000000089800000|  0%| F|  |TAMS 0x0000000089700000, 0x0000000089700000| Untracked 
| 102|0x0000000089800000, 0x0000000089800000, 0x0000000089900000|  0%| F|  |TAMS 0x0000000089800000, 0x0000000089800000| Untracked 
| 103|0x0000000089900000, 0x0000000089900000, 0x0000000089a00000|  0%| F|  |TAMS 0x0000000089900000, 0x0000000089900000| Untracked 
| 104|0x0000000089a00000, 0x0000000089a00000, 0x0000000089b00000|  0%| F|  |TAMS 0x0000000089a00000, 0x0000000089a00000| Untracked 
| 105|0x0000000089b00000, 0x0000000089b00000, 0x0000000089c00000|  0%| F|  |TAMS 0x0000000089b00000, 0x0000000089b00000| Untracked 
| 106|0x0000000089c00000, 0x0000000089c00000, 0x0000000089d00000|  0%| F|  |TAMS 0x0000000089c00000, 0x0000000089c00000| Untracked 
| 107|0x0000000089d00000, 0x0000000089d00000, 0x0000000089e00000|  0%| F|  |TAMS 0x0000000089d00000, 0x0000000089d00000| Untracked 
| 108|0x0000000089e00000, 0x0000000089e00000, 0x0000000089f00000|  0%| F|  |TAMS 0x0000000089e00000, 0x0000000089e00000| Untracked 
| 109|0x0000000089f00000, 0x0000000089f00000, 0x000000008a000000|  0%| F|  |TAMS 0x0000000089f00000, 0x0000000089f00000| Untracked 
| 110|0x000000008a000000, 0x000000008a000000, 0x000000008a100000|  0%| F|  |TAMS 0x000000008a000000, 0x000000008a000000| Untracked 
| 111|0x000000008a100000, 0x000000008a100000, 0x000000008a200000|  0%| F|  |TAMS 0x000000008a100000, 0x000000008a100000| Untracked 
| 112|0x000000008a200000, 0x000000008a200000, 0x000000008a300000|  0%| F|  |TAMS 0x000000008a200000, 0x000000008a200000| Untracked 
| 113|0x000000008a300000, 0x000000008a300000, 0x000000008a400000|  0%| F|  |TAMS 0x000000008a300000, 0x000000008a300000| Untracked 
| 114|0x000000008a400000, 0x000000008a400000, 0x000000008a500000|  0%| F|  |TAMS 0x000000008a400000, 0x000000008a400000| Untracked 
| 115|0x000000008a500000, 0x000000008a500000, 0x000000008a600000|  0%| F|  |TAMS 0x000000008a500000, 0x000000008a500000| Untracked 
| 116|0x000000008a600000, 0x000000008a600000, 0x000000008a700000|  0%| F|  |TAMS 0x000000008a600000, 0x000000008a600000| Untracked 
| 117|0x000000008a700000, 0x000000008a700000, 0x000000008a800000|  0%| F|  |TAMS 0x000000008a700000, 0x000000008a700000| Untracked 
| 118|0x000000008a800000, 0x000000008a800000, 0x000000008a900000|  0%| F|  |TAMS 0x000000008a800000, 0x000000008a800000| Untracked 
| 119|0x000000008a900000, 0x000000008a900000, 0x000000008aa00000|  0%| F|  |TAMS 0x000000008a900000, 0x000000008a900000| Untracked 
| 120|0x000000008aa00000, 0x000000008aa00000, 0x000000008ab00000|  0%| F|  |TAMS 0x000000008aa00000, 0x000000008aa00000| Untracked 
| 121|0x000000008ab00000, 0x000000008abee098, 0x000000008ac00000| 92%| E|  |TAMS 0x000000008ab00000, 0x000000008ab00000| Complete 
| 122|0x000000008ac00000, 0x000000008ad00000, 0x000000008ad00000|100%| E|CS|TAMS 0x000000008ac00000, 0x000000008ac00000| Complete 
| 123|0x000000008ad00000, 0x000000008ae00000, 0x000000008ae00000|100%| E|CS|TAMS 0x000000008ad00000, 0x000000008ad00000| Complete 
| 124|0x000000008ae00000, 0x000000008af00000, 0x000000008af00000|100%| E|  |TAMS 0x000000008ae00000, 0x000000008ae00000| Complete 
| 125|0x000000008af00000, 0x000000008b000000, 0x000000008b000000|100%| E|CS|TAMS 0x000000008af00000, 0x000000008af00000| Complete 

Card table byte_map: [0x0000019a9ebe0000,0x0000019a9efd0000] _byte_map_base: 0x0000019a9e7c7000

Marking Bits (Prev, Next): (CMBitMap*) 0x0000019a87c95760, (CMBitMap*) 0x0000019a87c957a0
 Prev Bits: [0x0000019a9f3c0000, 0x0000019aa12f8000)
 Next Bits: [0x0000019aa1300000, 0x0000019aa3238000)

Polling page: 0x0000019a85c70000

Metaspace:

Usage:
  Non-class:      6.49 MB used.
      Class:    615.16 KB used.
       Both:      7.09 MB used.

Virtual space:
  Non-class space:        8.00 MB reserved,       6.56 MB ( 82%) committed,  1 nodes.
      Class space:        1.00 GB reserved,     704.00 KB ( <1%) committed,  1 nodes.
             Both:        1.01 GB reserved,       7.25 MB ( <1%) committed. 

Chunk freelists:
   Non-Class:  816.00 KB
       Class:  3.20 MB
        Both:  4.00 MB

MaxMetaspaceSize: unlimited
CompressedClassSpaceSize: 1.00 GB
Initial GC threshold: 21.00 MB
Current GC threshold: 21.00 MB
CDS: off
MetaspaceReclaimPolicy: balanced
 - commit_granule_bytes: 65536.
 - commit_granule_words: 8192.
 - virtual_space_node_default_size: 1048576.
 - enlarge_chunks_in_place: 1.
 - new_chunks_are_fully_committed: 0.
 - uncommit_free_chunks: 1.
 - use_allocation_guard: 0.
 - handle_deallocations: 1.


Internal statistics:

num_allocs_failed_limit: 0.
num_arena_births: 12.
num_arena_deaths: 0.
num_vsnodes_births: 2.
num_vsnodes_deaths: 0.
num_space_committed: 116.
num_space_uncommitted: 0.
num_chunks_returned_to_freelist: 0.
num_chunks_taken_from_freelist: 48.
num_chunk_merges: 0.
num_chunk_splits: 29.
num_chunks_enlarged: 23.
num_purges: 0.
num_inconsistent_stats: 0.

CodeHeap 'non-profiled nmethods': size=120000Kb used=97Kb max_used=97Kb free=119903Kb
 bounds [0x0000019a96f80000, 0x0000019a971f0000, 0x0000019a9e4b0000]
CodeHeap 'profiled nmethods': size=120000Kb used=500Kb max_used=500Kb free=119499Kb
 bounds [0x0000019a8fa50000, 0x0000019a8fcc0000, 0x0000019a96f80000]
CodeHeap 'non-nmethods': size=5760Kb used=1124Kb max_used=1137Kb free=4635Kb
 bounds [0x0000019a8f4b0000, 0x0000019a8f720000, 0x0000019a8fa50000]
 total_blobs=733 nmethods=342 adapters=304
 compilation: enabled
              stopped_count=0, restarted_count=0
 full_count=0

Compilation events (20 events):
Event: 1.246 Thread 0x0000019aa68243b0  332       3       java.lang.String::concat (15 bytes)
Event: 1.247 Thread 0x0000019aa68243b0 nmethod 332 0x0000019a8fac5810 code [0x0000019a8fac5b40, 0x0000019a8fac6f98]
Event: 1.247 Thread 0x0000019aa68243b0  333       3       java.lang.StringConcatHelper::simpleConcat (94 bytes)
Event: 1.248 Thread 0x0000019aa68187f0  336       4       java.util.concurrent.ConcurrentHashMap::tabAt (22 bytes)
Event: 1.248 Thread 0x0000019aa68243b0 nmethod 333 0x0000019a8fac7710 code [0x0000019a8fac7a40, 0x0000019a8fac8e18]
Event: 1.248 Thread 0x0000019aa68243b0  335       3       java.lang.String::toLowerCase (29 bytes)
Event: 1.248 Thread 0x0000019aa68243b0 nmethod 335 0x0000019a8fac9510 code [0x0000019a8fac96e0, 0x0000019a8fac9998]
Event: 1.248 Thread 0x0000019aa68243b0  334       3       java.io.InputStream::<init> (5 bytes)
Event: 1.248 Thread 0x0000019aa68187f0 nmethod 336 0x0000019a96f97a10 code [0x0000019a96f97b80, 0x0000019a96f97bd8]
Event: 1.248 Thread 0x0000019aa68243b0 nmethod 334 0x0000019a8fac9a90 code [0x0000019a8fac9c20, 0x0000019a8fac9d78]
Event: 1.249 Thread 0x0000019aa68243b0  337       3       java.lang.ClassLoader::getClassLoadingLock (35 bytes)
Event: 1.249 Thread 0x0000019aa68243b0 nmethod 337 0x0000019a8fac9e10 code [0x0000019a8fac9fc0, 0x0000019a8faca2c8]
Event: 1.249 Thread 0x0000019aa68243b0  338   !   3       jdk.internal.loader.BuiltinClassLoader::loadClassOrNull (143 bytes)
Event: 1.251 Thread 0x0000019aa68243b0 nmethod 338 0x0000019a8faca410 code [0x0000019a8faca740, 0x0000019a8facbc38]
Event: 1.251 Thread 0x0000019aa68243b0  341   !   3       java.util.zip.ZipFile$ZipFileInputStream::close (59 bytes)
Event: 1.251 Thread 0x0000019aa68243b0 nmethod 341 0x0000019a8facc490 code [0x0000019a8facc640, 0x0000019a8facc9a8]
Event: 1.251 Thread 0x0000019aa68243b0  342       3       java.util.LinkedHashMap::newNode (23 bytes)
Event: 1.251 Thread 0x0000019aa68243b0 nmethod 342 0x0000019a8faccb90 code [0x0000019a8faccd60, 0x0000019a8facd148]
Event: 1.251 Thread 0x0000019aa68243b0  340       1       java.nio.HeapByteBuffer::isDirect (2 bytes)
Event: 1.251 Thread 0x0000019aa68243b0 nmethod 340 0x0000019a96f98110 code [0x0000019a96f982a0, 0x0000019a96f98378]

GC Heap History (0 events):
No events

Deoptimization events (4 events):
Event: 1.216 Thread 0x0000019a87c5a630 Uncommon trap: trap_request=0xffffff45 fr.pc=0x0000019a96f8f164 relative=0x0000000000000064
Event: 1.216 Thread 0x0000019a87c5a630 Uncommon trap: reason=unstable_if action=reinterpret pc=0x0000019a96f8f164 method=java.io.WinNTFileSystem.isSlash(C)Z @ 9 c2
Event: 1.216 Thread 0x0000019a87c5a630 DEOPT PACKING pc=0x0000019a96f8f164 sp=0x0000006f2c7fcf40
Event: 1.216 Thread 0x0000019a87c5a630 DEOPT UNPACKING pc=0x0000019a8f505c23 sp=0x0000006f2c7fcec8 mode 2

Classes unloaded (0 events):
No events

Classes redefined (0 events):
No events

Internal exceptions (10 events):
Event: 0.149 Thread 0x0000019a87c5a630 Exception <a 'java/lang/NoSuchMethodError'{0x000000008ae9d870}: 'int java.lang.invoke.DirectMethodHandle$Holder.invokeSpecial(java.lang.Object, java.lang.Object, java.lang.Object)'> (0x000000008ae9d870) 
thrown [t:\workspace\open\src\hotspot\share\interpreter\linkResolver.cpp, line 766]
Event: 1.208 Thread 0x0000019a87c5a630 Exception <a 'java/lang/NullPointerException'{0x000000008acf5a48}> (0x000000008acf5a48) 
thrown [t:\workspace\open\src\hotspot\share\interpreter\linkResolver.cpp, line 1357]
Event: 1.235 Thread 0x0000019a87c5a630 Exception <a 'java/lang/NullPointerException'{0x000000008ab30d70}> (0x000000008ab30d70) 
thrown [t:\workspace\open\src\hotspot\share\interpreter\linkResolver.cpp, line 1357]
Event: 1.235 Thread 0x0000019a87c5a630 Exception <a 'java/lang/NullPointerException'{0x000000008ab31048}> (0x000000008ab31048) 
thrown [t:\workspace\open\src\hotspot\share\interpreter\linkResolver.cpp, line 1357]
Event: 1.235 Thread 0x0000019a87c5a630 Exception <a 'java/lang/NullPointerException'{0x000000008ab31320}> (0x000000008ab31320) 
thrown [t:\workspace\open\src\hotspot\share\interpreter\linkResolver.cpp, line 1357]
Event: 1.236 Thread 0x0000019a87c5a630 Exception <a 'java/lang/NullPointerException'{0x000000008ab36b80}> (0x000000008ab36b80) 
thrown [t:\workspace\open\src\hotspot\share\interpreter\linkResolver.cpp, line 1357]
Event: 1.238 Thread 0x0000019a87c5a630 Exception <a 'java/lang/NullPointerException'{0x000000008ab4c538}> (0x000000008ab4c538) 
thrown [t:\workspace\open\src\hotspot\share\interpreter\linkResolver.cpp, line 1357]
Event: 1.238 Thread 0x0000019a87c5a630 Exception <a 'java/lang/NullPointerException'{0x000000008ab4c810}> (0x000000008ab4c810) 
thrown [t:\workspace\open\src\hotspot\share\interpreter\linkResolver.cpp, line 1357]
Event: 1.238 Thread 0x0000019a87c5a630 Exception <a 'java/lang/NullPointerException'{0x000000008ab4cae8}> (0x000000008ab4cae8) 
thrown [t:\workspace\open\src\hotspot\share\interpreter\linkResolver.cpp, line 1357]
Event: 1.238 Thread 0x0000019a87c5a630 Exception <a 'java/lang/NullPointerException'{0x000000008ab4cdc0}> (0x000000008ab4cdc0) 
thrown [t:\workspace\open\src\hotspot\share\interpreter\linkResolver.cpp, line 1357]

VM Operations (8 events):
Event: 0.106 Executing VM operation: HandshakeAllThreads
Event: 0.106 Executing VM operation: HandshakeAllThreads done
Event: 1.113 Executing VM operation: Cleanup
Event: 1.113 Executing VM operation: Cleanup done
Event: 1.207 Executing VM operation: HandshakeAllThreads
Event: 1.207 Executing VM operation: HandshakeAllThreads done
Event: 1.216 Executing VM operation: HandshakeAllThreads
Event: 1.216 Executing VM operation: HandshakeAllThreads done

Events (20 events):
Event: 1.237 loading class sun/nio/cs/ArrayEncoder
Event: 1.237 loading class sun/nio/cs/ArrayEncoder done
Event: 1.237 loading class sun/nio/cs/SingleByte$Encoder done
Event: 1.238 loading class java/lang/ApplicationShutdownHooks
Event: 1.238 loading class java/lang/ApplicationShutdownHooks done
Event: 1.238 loading class java/lang/ApplicationShutdownHooks$1
Event: 1.238 loading class java/lang/ApplicationShutdownHooks$1 done
Event: 1.238 loading class java/lang/Shutdown
Event: 1.238 loading class java/lang/Shutdown done
Event: 1.238 loading class java/lang/Shutdown$Lock
Event: 1.238 loading class java/lang/Shutdown$Lock done
Event: 1.243 loading class sun/nio/fs/WindowsLinkSupport
Event: 1.243 loading class sun/nio/fs/WindowsLinkSupport done
Event: 1.243 loading class sun/nio/fs/WindowsPath$1
Event: 1.243 loading class sun/nio/fs/WindowsPath$1 done
Event: 1.246 Loaded shared library C:\Program Files\Java\jdk-17.0.2\bin\verify.dll
Event: 1.249 loading class java/lang/CloneNotSupportedException
Event: 1.249 loading class java/lang/CloneNotSupportedException done
Event: 1.249 loading class java/lang/UnsupportedOperationException
Event: 1.249 loading class java/lang/UnsupportedOperationException done


Dynamic libraries:
0x00007ff721960000 - 0x00007ff721970000 	C:\Program Files\Java\jdk-17.0.2\bin\java.exe
0x00007ffcbee90000 - 0x00007ffcbf088000 	C:\Windows\SYSTEM32\ntdll.dll
0x00007ffcbdf80000 - 0x00007ffcbe041000 	C:\Windows\System32\KERNEL32.DLL
0x00007ffcbc6b0000 - 0x00007ffcbc9ad000 	C:\Windows\System32\KERNELBASE.dll
0x00007ffcbca50000 - 0x00007ffcbcb50000 	C:\Windows\System32\ucrtbase.dll
0x00007ffc97030000 - 0x00007ffc97048000 	C:\Program Files\Java\jdk-17.0.2\bin\jli.dll
0x00007ffc97010000 - 0x00007ffc9702a000 	C:\Program Files\Java\jdk-17.0.2\bin\VCRUNTIME140.dll
0x00007ffcbde70000 - 0x00007ffcbdf20000 	C:\Windows\System32\ADVAPI32.dll
0x00007ffcbd860000 - 0x00007ffcbd8fe000 	C:\Windows\System32\msvcrt.dll
0x00007ffcbd790000 - 0x00007ffcbd830000 	C:\Windows\System32\sechost.dll
0x00007ffcbd120000 - 0x00007ffcbd243000 	C:\Windows\System32\RPCRT4.dll
0x00007ffcbce00000 - 0x00007ffcbce27000 	C:\Windows\System32\bcrypt.dll
0x00007ffcbd900000 - 0x00007ffcbda9d000 	C:\Windows\System32\USER32.dll
0x00007ffcbcb50000 - 0x00007ffcbcb72000 	C:\Windows\System32\win32u.dll
0x00007ffcbbbb0000 - 0x00007ffcbbe4a000 	C:\Windows\WinSxS\amd64_microsoft.windows.common-controls_6595b64144ccf1df_6.0.19041.4355_none_60b8b9eb71f62e16\COMCTL32.dll
0x00007ffcbd830000 - 0x00007ffcbd85b000 	C:\Windows\System32\GDI32.dll
0x00007ffcbc590000 - 0x00007ffcbc6a7000 	C:\Windows\System32\gdi32full.dll
0x00007ffcbc9b0000 - 0x00007ffcbca4d000 	C:\Windows\System32\msvcp_win.dll
0x00007ffcba100000 - 0x00007ffcba10a000 	C:\Windows\SYSTEM32\VERSION.dll
0x00007ffcbe2b0000 - 0x00007ffcbe2df000 	C:\Windows\System32\IMM32.DLL
0x00007ffc9db80000 - 0x00007ffc9db8c000 	C:\Program Files\Java\jdk-17.0.2\bin\vcruntime140_1.dll
0x00007ffc95f20000 - 0x00007ffc95fad000 	C:\Program Files\Java\jdk-17.0.2\bin\msvcp140.dll
0x00007ffc95350000 - 0x00007ffc95f11000 	C:\Program Files\Java\jdk-17.0.2\bin\server\jvm.dll
0x00007ffcb23b0000 - 0x00007ffcb23d7000 	C:\Windows\SYSTEM32\WINMM.dll
0x00007ffcb1790000 - 0x00007ffcb1799000 	C:\Windows\SYSTEM32\WSOCK32.dll
0x00007ffcbea50000 - 0x00007ffcbea58000 	C:\Windows\System32\PSAPI.DLL
0x00007ffcbdbe0000 - 0x00007ffcbdc4b000 	C:\Windows\System32\WS2_32.dll
0x00007ffcb9550000 - 0x00007ffcb9562000 	C:\Windows\SYSTEM32\kernel.appcore.dll
0x00007ffc96fe0000 - 0x00007ffc96fea000 	C:\Program Files\Java\jdk-17.0.2\bin\jimage.dll
0x00007ffcbbeb0000 - 0x00007ffcbc094000 	C:\Windows\SYSTEM32\DBGHELP.DLL
0x00007ffcbbe70000 - 0x00007ffcbbea4000 	C:\Windows\SYSTEM32\dbgcore.DLL
0x00007ffcbce30000 - 0x00007ffcbceb2000 	C:\Windows\System32\bcryptPrimitives.dll
0x00007ffc951f0000 - 0x00007ffc95215000 	C:\Program Files\Java\jdk-17.0.2\bin\java.dll
0x00007ffc95060000 - 0x00007ffc95136000 	C:\Program Files\Java\jdk-17.0.2\bin\jsvml.dll
0x00007ffcbe2e0000 - 0x00007ffcbea4f000 	C:\Windows\System32\SHELL32.dll
0x00007ffcb9570000 - 0x00007ffcb9d0f000 	C:\Windows\SYSTEM32\windows.storage.dll
0x00007ffcbeaf0000 - 0x00007ffcbee43000 	C:\Windows\System32\combase.dll
0x00007ffcbb750000 - 0x00007ffcbb77e000 	C:\Windows\SYSTEM32\Wldp.dll
0x00007ffcbcec0000 - 0x00007ffcbcf8d000 	C:\Windows\System32\OLEAUT32.dll
0x00007ffcbcf90000 - 0x00007ffcbd03d000 	C:\Windows\System32\SHCORE.dll
0x00007ffcbdf20000 - 0x00007ffcbdf75000 	C:\Windows\System32\shlwapi.dll
0x00007ffcbc470000 - 0x00007ffcbc494000 	C:\Windows\SYSTEM32\profapi.dll
0x00007ffc94ca0000 - 0x00007ffc94cb9000 	C:\Program Files\Java\jdk-17.0.2\bin\net.dll
0x00007ffcb8240000 - 0x00007ffcb834d000 	C:\Windows\SYSTEM32\WINHTTP.dll
0x00007ffcbb4f0000 - 0x00007ffcbb55a000 	C:\Windows\system32\mswsock.dll
0x00007ffc94c80000 - 0x00007ffc94c96000 	C:\Program Files\Java\jdk-17.0.2\bin\nio.dll
0x00007ffc94c60000 - 0x00007ffc94c78000 	C:\Program Files\Java\jdk-17.0.2\bin\zip.dll
0x0000000069ac0000 - 0x0000000069ae4000 	C:\apache-maven-3.9.4-bin\apache-maven-3.9.4\lib\jansi-native\Windows\x86_64\jansi.dll
0x00007ffc9f540000 - 0x00007ffc9f550000 	C:\Program Files\Java\jdk-17.0.2\bin\verify.dll

dbghelp: loaded successfully - version: 4.0.5 - missing functions: none
symbol engine: initialized successfully - sym options: 0x614 - pdb path: .;C:\Program Files\Java\jdk-17.0.2\bin;C:\Windows\SYSTEM32;C:\Windows\WinSxS\amd64_microsoft.windows.common-controls_6595b64144ccf1df_6.0.19041.4355_none_60b8b9eb71f62e16;C:\Program Files\Java\jdk-17.0.2\bin\server;C:\apache-maven-3.9.4-bin\apache-maven-3.9.4\lib\jansi-native\Windows\x86_64

VM Arguments:
jvm_args: -Dclassworlds.conf=C:\apache-maven-3.9.4-bin\apache-maven-3.9.4\bin\m2.conf -Dmaven.home=C:\apache-maven-3.9.4-bin\apache-maven-3.9.4 -Dlibrary.jansi.path=C:\apache-maven-3.9.4-bin\apache-maven-3.9.4\lib\jansi-native -Dmaven.multiModuleProjectDirectory=C:\Users\devops\Downloads\ac2_ca-main 
java_command: org.codehaus.plexus.classworlds.launcher.Launcher clean package
java_class_path (initial): C:\apache-maven-3.9.4-bin\apache-maven-3.9.4\boot\plexus-classworlds-2.7.0.jar
Launcher Type: SUN_STANDARD

[Global flags]
     intx CICompilerCount                          = 4                                         {product} {ergonomic}
     uint ConcGCThreads                            = 2                                         {product} {ergonomic}
     uint G1ConcRefinementThreads                  = 8                                         {product} {ergonomic}
   size_t G1HeapRegionSize                         = 1048576                                   {product} {ergonomic}
    uintx GCDrainStackTargetSize                   = 64                                        {product} {ergonomic}
   size_t InitialHeapSize                          = 132120576                                 {product} {ergonomic}
   size_t MarkStackSize                            = 4194304                                   {product} {ergonomic}
   size_t MaxHeapSize                              = 2095054848                                {product} {ergonomic}
   size_t MaxNewSize                               = 1256194048                                {product} {ergonomic}
   size_t MinHeapDeltaBytes                        = 1048576                                   {product} {ergonomic}
   size_t MinHeapSize                              = 8388608                                   {product} {ergonomic}
    uintx NonNMethodCodeHeapSize                   = 5839372                                {pd product} {ergonomic}
    uintx NonProfiledCodeHeapSize                  = 122909434                              {pd product} {ergonomic}
    uintx ProfiledCodeHeapSize                     = 122909434                              {pd product} {ergonomic}
    uintx ReservedCodeCacheSize                    = 251658240                              {pd product} {ergonomic}
     bool SegmentedCodeCache                       = true                                      {product} {ergonomic}
   size_t SoftMaxHeapSize                          = 2095054848                             {manageable} {ergonomic}
     bool UseCompressedClassPointers               = true                           {product lp64_product} {ergonomic}
     bool UseCompressedOops                        = true                           {product lp64_product} {ergonomic}
     bool UseG1GC                                  = true                                      {product} {ergonomic}
     bool UseLargePagesIndividualAllocation        = false                                  {pd product} {ergonomic}

Logging:
Log output configuration:
 #0: stdout all=warning uptime,level,tags
 #1: stderr all=off uptime,level,tags

Environment Variables:
JAVA_HOME=C:\Program Files\Java\jdk-17.0.2
CLASSPATH=C:\LINGO20\Lingo20.jar
PATH=C:\Program Files (x86)\VMware\VMware Player\bin\;C:\Program Files\Microsoft MPI\Bin\;C:\Python310\Scripts\;C:\Python310\;C:\Program Files\Common Files\Oracle\Java\javapath;C:\Program Files (x86)\Common Files\Oracle\Java\javapath;C:\Windows\system32;C:\Windows;C:\Windows\System32\Wbem;C:\Windows\System32\WindowsPowerShell\v1.0\;C:\Windows\System32\OpenSSH\;C:\Program Files\MATLAB\R2016b\bin;C:\Program Files\Microsoft VS Code\bin;C:\Program Files\nodejs\;C:\ProgramData\chocolatey\bin;C:\ProgramData\UNIVALI\Portugol Studio;C:\Program Files (x86)\Microsoft SQL Server\150\DTS\Binn\;C:\Program Files\Azure Data Studio\bin;C:\Program Files\Microsoft SQL Server\120\Tools\Binn\;C:\Program Files (x86)\Windows Kits\8.1\Windows Performance Toolkit\;C:\Program Files (x86)\Common Files\EpsonRC\exe;C:\Program Files (x86)\Microsoft SQL Server\160\Tools\Binn\;C:\Program Files\Microsoft SQL Server\160\Tools\Binn\;C:\Program Files\Microsoft SQL Server\Client SDK\ODBC\170\Tools\Binn\;C:\Program Files\Microsoft SQL Server\160\DTS\Binn\;C:\Program Files (x86)\dotnet\;C:\Program Files (x86)\CODESYS\APInstaller\;C:\LINGO20\;C:\Program Files\Docker\Docker\resources\bin;C:\Program Files\Git\cmd;C:\Program Files\dotnet\;C:\Users\devops\AppData\Local\Microsoft\WindowsApps;C:\apache-maven-3.9.4-bin\apache-maven-3.9.4  \bin;C:\Program Files\Java\jdk-17.0.2\bin;C:\Program Files\Git;C:\apache-maven-3.9.4-bin\apache-maven-3.9.4\bin;C:\Users\devops\AppData\Local\GitHubDesktop\bin
USERNAME=devops
OS=Windows_NT
PROCESSOR_IDENTIFIER=Intel64 Family 6 Model 140 Stepping 1, GenuineIntel



---------------  S Y S T E M  ---------------

OS:
 Windows 10 , 64 bit Build 19041 (10.0.19041.4717)
OS uptime: 0 days 0:16 hours
Hyper-V role detected

CPU: total 8 (initial active 8) (4 cores per cpu, 2 threads per core) family 6 model 140 stepping 1 microcode 0x8a, cx8, cmov, fxsr, ht, mmx, 3dnowpref, sse, sse2, sse3, ssse3, sse4.1, sse4.2, popcnt, lzcnt, tsc, tscinvbit, avx, avx2, aes, erms, clmul, bmi1, bmi2, adx, avx512f, avx512dq, avx512cd, avx512bw, avx512vl, sha, fma, vzeroupper, avx512_vpopcntdq, avx512_vpclmulqdq, avx512_vaes, avx512_vnni, clflush, clflushopt, clwb, avx512_vbmi2, avx512_vbmi, hv

Memory: 4k page, system-wide physical 7991M (430M free)
TotalPageFile size 11991M (AvailPageFile size 0M)
current process WorkingSet (physical memory assigned to process): 38M, peak: 38M
current process commit charge ("private bytes"): 206M, peak: 207M

vm_info: Java HotSpot(TM) 64-Bit Server VM (17.0.2+8-LTS-86) for windows-amd64 JRE (17.0.2+8-LTS-86), built on Dec  7 2021 21:51:03 by "mach5one" with MS VC++ 16.8 / 16.9 (VS2019)

END.
