#
# There is insufficient memory for the Java Runtime Environment to continue.
# Native memory allocation (malloc) failed to allocate 1057216 bytes for Chunk::new
# Possible reasons:
#   The system is out of physical RAM or swap space
#   The process is running with CompressedOops enabled, and the Java Heap may be blocking the growth of the native heap
# Possible solutions:
#   Reduce memory load on the system
#   Increase physical memory or swap space
#   Check if swap backing store is full
#   Decrease Java heap size (-Xmx/-Xms)
#   Decrease number of Java threads
#   Decrease Java thread stack sizes (-Xss)
#   Set larger code cache with -XX:ReservedCodeCacheSize=
#   JVM is running with Unscaled Compressed Oops mode in which the Java heap is
#     placed in the first 4GB address space. The Java Heap base address is the
#     maximum limit for the native heap growth. Please use -XX:HeapBaseMinAddress
#     to set the Java Heap base and to place the Java Heap above 4GB virtual address.
# This output file may be truncated or incomplete.
#
#  Out of Memory Error (arena.cpp:189), pid=9476, tid=18408
#
# JRE version: Java(TM) SE Runtime Environment (17.0.2+8) (build 17.0.2+8-LTS-86)
# Java VM: Java HotSpot(TM) 64-Bit Server VM (17.0.2+8-LTS-86, mixed mode, sharing, tiered, compressed oops, compressed class ptrs, g1 gc, windows-amd64)
# No core dump will be written. Minidumps are not enabled by default on client versions of Windows
#

---------------  S U M M A R Y ------------

Command Line: -Dclassworlds.conf=C:\apache-maven-3.9.4-bin\apache-maven-3.9.4\bin\m2.conf -Dmaven.home=C:\apache-maven-3.9.4-bin\apache-maven-3.9.4 -Dlibrary.jansi.path=C:\apache-maven-3.9.4-bin\apache-maven-3.9.4\lib\jansi-native -Dmaven.multiModuleProjectDirectory=C:\Users\devops\Downloads\ac2_ca-main org.codehaus.plexus.classworlds.launcher.Launcher clean package

Host: 11th Gen Intel(R) Core(TM) i5-1135G7 @ 2.40GHz, 8 cores, 7G,  Windows 10 , 64 bit Build 19041 (10.0.19041.4717)
Time: Thu Nov  7 20:43:23 2024 Hora oficial do Brasil elapsed time: 3.343475 seconds (0d 0h 0m 3s)

---------------  T H R E A D  ---------------

Current thread (0x000001aa3b6db460):  JavaThread "C2 CompilerThread2" daemon [_thread_in_native, id=18408, stack(0x000000a64cc00000,0x000000a64cd00000)]


Current CompileTask:
C2:   3343 3565   !   4       org.codehaus.plexus.interpolation.StringSearchInterpolator::interpolate (668 bytes)

Stack: [0x000000a64cc00000,0x000000a64cd00000]
Native frames: (J=compiled Java code, j=interpreted, Vv=VM code, C=native code)
V  [jvm.dll+0x670baa]
V  [jvm.dll+0x7cfcb4]
V  [jvm.dll+0x7d145e]
V  [jvm.dll+0x7d1ac3]
V  [jvm.dll+0x242bc5]
V  [jvm.dll+0xaa57b]
V  [jvm.dll+0xaab0c]
V  [jvm.dll+0x2a991f]
V  [jvm.dll+0x5792d9]
V  [jvm.dll+0x21de3d]
V  [jvm.dll+0x21e21f]
V  [jvm.dll+0x217ae5]
V  [jvm.dll+0x214fab]
V  [jvm.dll+0x1a1bbd]
V  [jvm.dll+0x224908]
V  [jvm.dll+0x222a6c]
V  [jvm.dll+0x7859bb]
V  [jvm.dll+0x77ff7a]
V  [jvm.dll+0x66fa35]
C  [ucrtbase.dll+0x21bb2]
C  [KERNEL32.DLL+0x17374]
C  [ntdll.dll+0x4cc91]


---------------  P R O C E S S  ---------------

Threads class SMR info:
_java_thread_list=0x000001aa3b62f7b0, length=14, elements={
0x000001aa1c388470, 0x000001aa3a32ff40, 0x000001aa3a332710, 0x000001aa3a344cc0,
0x000001aa3a345480, 0x000001aa3a347b50, 0x000001aa3a3488b0, 0x000001aa3a34dd50,
0x000001aa3a3520a0, 0x000001aa3a3576c0, 0x000001aa3adb9cd0, 0x000001aa3adc61d0,
0x000001aa3b64c710, 0x000001aa3b6db460
}

Java Threads: ( => current thread )
  0x000001aa1c388470 JavaThread "main" [_thread_in_Java, id=5764, stack(0x000000a64b800000,0x000000a64b900000)]
  0x000001aa3a32ff40 JavaThread "Reference Handler" daemon [_thread_blocked, id=10668, stack(0x000000a64bf00000,0x000000a64c000000)]
  0x000001aa3a332710 JavaThread "Finalizer" daemon [_thread_blocked, id=18048, stack(0x000000a64c000000,0x000000a64c100000)]
  0x000001aa3a344cc0 JavaThread "Signal Dispatcher" daemon [_thread_blocked, id=9472, stack(0x000000a64c100000,0x000000a64c200000)]
  0x000001aa3a345480 JavaThread "Attach Listener" daemon [_thread_blocked, id=9280, stack(0x000000a64c200000,0x000000a64c300000)]
  0x000001aa3a347b50 JavaThread "Service Thread" daemon [_thread_blocked, id=3584, stack(0x000000a64c300000,0x000000a64c400000)]
  0x000001aa3a3488b0 JavaThread "Monitor Deflation Thread" daemon [_thread_blocked, id=16444, stack(0x000000a64c400000,0x000000a64c500000)]
  0x000001aa3a34dd50 JavaThread "C2 CompilerThread0" daemon [_thread_blocked, id=17092, stack(0x000000a64c500000,0x000000a64c600000)]
  0x000001aa3a3520a0 JavaThread "C1 CompilerThread0" daemon [_thread_blocked, id=10872, stack(0x000000a64c600000,0x000000a64c700000)]
  0x000001aa3a3576c0 JavaThread "Sweeper thread" daemon [_thread_blocked, id=10144, stack(0x000000a64c700000,0x000000a64c800000)]
  0x000001aa3adb9cd0 JavaThread "Notification Thread" daemon [_thread_blocked, id=11036, stack(0x000000a64c800000,0x000000a64c900000)]
  0x000001aa3adc61d0 JavaThread "Common-Cleaner" daemon [_thread_blocked, id=9820, stack(0x000000a64ca00000,0x000000a64cb00000)]
  0x000001aa3b64c710 JavaThread "C2 CompilerThread1" daemon [_thread_in_native, id=15904, stack(0x000000a64cb00000,0x000000a64cc00000)]
=>0x000001aa3b6db460 JavaThread "C2 CompilerThread2" daemon [_thread_in_native, id=18408, stack(0x000000a64cc00000,0x000000a64cd00000)]

Other Threads:
  0x000001aa3a329d00 VMThread "VM Thread" [stack: 0x000000a64be00000,0x000000a64bf00000] [id=16416]
  0x000001aa1c3e5780 WatcherThread [stack: 0x000000a64c900000,0x000000a64ca00000] [id=1732]
  0x000001aa1c3c4f20 GCTaskThread "GC Thread#0" [stack: 0x000000a64b900000,0x000000a64ba00000] [id=13860]
  0x000001aa3b312310 GCTaskThread "GC Thread#1" [stack: 0x000000a64cd00000,0x000000a64ce00000] [id=11868]
  0x000001aa3b3125c0 GCTaskThread "GC Thread#2" [stack: 0x000000a64ce00000,0x000000a64cf00000] [id=2796]
  0x000001aa3b312b20 GCTaskThread "GC Thread#3" [stack: 0x000000a64cf00000,0x000000a64d000000] [id=17712]
  0x000001aa3b312dd0 GCTaskThread "GC Thread#4" [stack: 0x000000a64d000000,0x000000a64d100000] [id=17208]
  0x000001aa3b313080 GCTaskThread "GC Thread#5" [stack: 0x000000a64d100000,0x000000a64d200000] [id=14824]
  0x000001aa3b313890 GCTaskThread "GC Thread#6" [stack: 0x000000a64d200000,0x000000a64d300000] [id=7644]
  0x000001aa3b313330 GCTaskThread "GC Thread#7" [stack: 0x000000a64d300000,0x000000a64d400000] [id=13552]
  0x000001aa1c3d6830 ConcurrentGCThread "G1 Main Marker" [stack: 0x000000a64ba00000,0x000000a64bb00000] [id=15176]
  0x000001aa1c3d8250 ConcurrentGCThread "G1 Conc#0" [stack: 0x000000a64bb00000,0x000000a64bc00000] [id=2312]
  0x000001aa1c4522b0 ConcurrentGCThread "G1 Refine#0" [stack: 0x000000a64bc00000,0x000000a64bd00000] [id=1324]
  0x000001aa3a1f1290 ConcurrentGCThread "G1 Service" [stack: 0x000000a64bd00000,0x000000a64be00000] [id=13868]

Threads with active compile tasks:
C2 CompilerThread2     3367 3565   !   4       org.codehaus.plexus.interpolation.StringSearchInterpolator::interpolate (668 bytes)

VM state: not at safepoint (normal execution)

VM Mutex/Monitor currently owned by a thread: None

Heap address: 0x0000000083200000, size: 1998 MB, Compressed Oops mode: 32-bit

CDS archive(s) mapped at: [0x0000000800000000-0x0000000800bc0000-0x0000000800bc0000), size 12320768, SharedBaseAddress: 0x0000000800000000, ArchiveRelocationMode: 0.
Compressed class space mapped at: 0x0000000800c00000-0x0000000840c00000, reserved size: 1073741824
Narrow klass base: 0x0000000800000000, Narrow klass shift: 0, Narrow klass range: 0x100000000

GC Precious Log:
 CPUs: 8 total, 8 available
 Memory: 7991M
 Large Page Support: Disabled
 NUMA Support: Disabled
 Compressed Oops: Enabled (32-bit)
 Heap Region Size: 1M
 Heap Min Capacity: 8M
 Heap Initial Capacity: 126M
 Heap Max Capacity: 1998M
 Pre-touch: Disabled
 Parallel Workers: 8
 Concurrent Workers: 2
 Concurrent Refinement Workers: 8
 Periodic GC: Disabled

Heap:
 garbage-first heap   total 129024K, used 73591K [0x0000000083200000, 0x0000000100000000)
  region size 1024K, 70 young (71680K), 3 survivors (3072K)
 Metaspace       used 15390K, committed 15616K, reserved 1064960K
  class space    used 1824K, committed 1920K, reserved 1048576K

Heap Regions: E=young(eden), S=young(survivor), O=old, HS=humongous(starts), HC=humongous(continues), CS=collection set, F=free, OA=open archive, CA=closed archive, TAMS=top-at-mark-start (previous, next)
|   0|0x0000000083200000, 0x0000000083300000, 0x0000000083300000|100%| O|  |TAMS 0x0000000083200000, 0x0000000083200000| Untracked 
|   1|0x0000000083300000, 0x0000000083400000, 0x0000000083400000|100%| O|  |TAMS 0x0000000083300000, 0x0000000083300000| Untracked 
|   2|0x0000000083400000, 0x0000000083500000, 0x0000000083500000|100%| O|  |TAMS 0x0000000083400000, 0x0000000083400000| Untracked 
|   3|0x0000000083500000, 0x00000000835b2800, 0x0000000083600000| 69%| O|  |TAMS 0x0000000083500000, 0x0000000083500000| Untracked 
|   4|0x0000000083600000, 0x0000000083600000, 0x0000000083700000|  0%| F|  |TAMS 0x0000000083600000, 0x0000000083600000| Untracked 
|   5|0x0000000083700000, 0x0000000083700000, 0x0000000083800000|  0%| F|  |TAMS 0x0000000083700000, 0x0000000083700000| Untracked 
|   6|0x0000000083800000, 0x0000000083800000, 0x0000000083900000|  0%| F|  |TAMS 0x0000000083800000, 0x0000000083800000| Untracked 
|   7|0x0000000083900000, 0x0000000083900000, 0x0000000083a00000|  0%| F|  |TAMS 0x0000000083900000, 0x0000000083900000| Untracked 
|   8|0x0000000083a00000, 0x0000000083a00000, 0x0000000083b00000|  0%| F|  |TAMS 0x0000000083a00000, 0x0000000083a00000| Untracked 
|   9|0x0000000083b00000, 0x0000000083b00000, 0x0000000083c00000|  0%| F|  |TAMS 0x0000000083b00000, 0x0000000083b00000| Untracked 
|  10|0x0000000083c00000, 0x0000000083c00000, 0x0000000083d00000|  0%| F|  |TAMS 0x0000000083c00000, 0x0000000083c00000| Untracked 
|  11|0x0000000083d00000, 0x0000000083d00000, 0x0000000083e00000|  0%| F|  |TAMS 0x0000000083d00000, 0x0000000083d00000| Untracked 
|  12|0x0000000083e00000, 0x0000000083e00000, 0x0000000083f00000|  0%| F|  |TAMS 0x0000000083e00000, 0x0000000083e00000| Untracked 
|  13|0x0000000083f00000, 0x0000000083f00000, 0x0000000084000000|  0%| F|  |TAMS 0x0000000083f00000, 0x0000000083f00000| Untracked 
|  14|0x0000000084000000, 0x0000000084000000, 0x0000000084100000|  0%| F|  |TAMS 0x0000000084000000, 0x0000000084000000| Untracked 
|  15|0x0000000084100000, 0x0000000084100000, 0x0000000084200000|  0%| F|  |TAMS 0x0000000084100000, 0x0000000084100000| Untracked 
|  16|0x0000000084200000, 0x0000000084200000, 0x0000000084300000|  0%| F|  |TAMS 0x0000000084200000, 0x0000000084200000| Untracked 
|  17|0x0000000084300000, 0x0000000084300000, 0x0000000084400000|  0%| F|  |TAMS 0x0000000084300000, 0x0000000084300000| Untracked 
|  18|0x0000000084400000, 0x0000000084400000, 0x0000000084500000|  0%| F|  |TAMS 0x0000000084400000, 0x0000000084400000| Untracked 
|  19|0x0000000084500000, 0x0000000084500000, 0x0000000084600000|  0%| F|  |TAMS 0x0000000084500000, 0x0000000084500000| Untracked 
|  20|0x0000000084600000, 0x0000000084600000, 0x0000000084700000|  0%| F|  |TAMS 0x0000000084600000, 0x0000000084600000| Untracked 
|  21|0x0000000084700000, 0x0000000084700000, 0x0000000084800000|  0%| F|  |TAMS 0x0000000084700000, 0x0000000084700000| Untracked 
|  22|0x0000000084800000, 0x0000000084800000, 0x0000000084900000|  0%| F|  |TAMS 0x0000000084800000, 0x0000000084800000| Untracked 
|  23|0x0000000084900000, 0x0000000084900000, 0x0000000084a00000|  0%| F|  |TAMS 0x0000000084900000, 0x0000000084900000| Untracked 
|  24|0x0000000084a00000, 0x0000000084a00000, 0x0000000084b00000|  0%| F|  |TAMS 0x0000000084a00000, 0x0000000084a00000| Untracked 
|  25|0x0000000084b00000, 0x0000000084b00000, 0x0000000084c00000|  0%| F|  |TAMS 0x0000000084b00000, 0x0000000084b00000| Untracked 
|  26|0x0000000084c00000, 0x0000000084c00000, 0x0000000084d00000|  0%| F|  |TAMS 0x0000000084c00000, 0x0000000084c00000| Untracked 
|  27|0x0000000084d00000, 0x0000000084d00000, 0x0000000084e00000|  0%| F|  |TAMS 0x0000000084d00000, 0x0000000084d00000| Untracked 
|  28|0x0000000084e00000, 0x0000000084e00000, 0x0000000084f00000|  0%| F|  |TAMS 0x0000000084e00000, 0x0000000084e00000| Untracked 
|  29|0x0000000084f00000, 0x0000000084f00000, 0x0000000085000000|  0%| F|  |TAMS 0x0000000084f00000, 0x0000000084f00000| Untracked 
|  30|0x0000000085000000, 0x0000000085000000, 0x0000000085100000|  0%| F|  |TAMS 0x0000000085000000, 0x0000000085000000| Untracked 
|  31|0x0000000085100000, 0x0000000085100000, 0x0000000085200000|  0%| F|  |TAMS 0x0000000085100000, 0x0000000085100000| Untracked 
|  32|0x0000000085200000, 0x0000000085200000, 0x0000000085300000|  0%| F|  |TAMS 0x0000000085200000, 0x0000000085200000| Untracked 
|  33|0x0000000085300000, 0x0000000085300000, 0x0000000085400000|  0%| F|  |TAMS 0x0000000085300000, 0x0000000085300000| Untracked 
|  34|0x0000000085400000, 0x0000000085400000, 0x0000000085500000|  0%| F|  |TAMS 0x0000000085400000, 0x0000000085400000| Untracked 
|  35|0x0000000085500000, 0x0000000085500000, 0x0000000085600000|  0%| F|  |TAMS 0x0000000085500000, 0x0000000085500000| Untracked 
|  36|0x0000000085600000, 0x0000000085600000, 0x0000000085700000|  0%| F|  |TAMS 0x0000000085600000, 0x0000000085600000| Untracked 
|  37|0x0000000085700000, 0x0000000085700000, 0x0000000085800000|  0%| F|  |TAMS 0x0000000085700000, 0x0000000085700000| Untracked 
|  38|0x0000000085800000, 0x0000000085800000, 0x0000000085900000|  0%| F|  |TAMS 0x0000000085800000, 0x0000000085800000| Untracked 
|  39|0x0000000085900000, 0x0000000085900000, 0x0000000085a00000|  0%| F|  |TAMS 0x0000000085900000, 0x0000000085900000| Untracked 
|  40|0x0000000085a00000, 0x0000000085a00000, 0x0000000085b00000|  0%| F|  |TAMS 0x0000000085a00000, 0x0000000085a00000| Untracked 
|  41|0x0000000085b00000, 0x0000000085b00000, 0x0000000085c00000|  0%| F|  |TAMS 0x0000000085b00000, 0x0000000085b00000| Untracked 
|  42|0x0000000085c00000, 0x0000000085c00000, 0x0000000085d00000|  0%| F|  |TAMS 0x0000000085c00000, 0x0000000085c00000| Untracked 
|  43|0x0000000085d00000, 0x0000000085d00000, 0x0000000085e00000|  0%| F|  |TAMS 0x0000000085d00000, 0x0000000085d00000| Untracked 
|  44|0x0000000085e00000, 0x0000000085e00000, 0x0000000085f00000|  0%| F|  |TAMS 0x0000000085e00000, 0x0000000085e00000| Untracked 
|  45|0x0000000085f00000, 0x0000000085f00000, 0x0000000086000000|  0%| F|  |TAMS 0x0000000085f00000, 0x0000000085f00000| Untracked 
|  46|0x0000000086000000, 0x0000000086000000, 0x0000000086100000|  0%| F|  |TAMS 0x0000000086000000, 0x0000000086000000| Untracked 
|  47|0x0000000086100000, 0x0000000086100000, 0x0000000086200000|  0%| F|  |TAMS 0x0000000086100000, 0x0000000086100000| Untracked 
|  48|0x0000000086200000, 0x0000000086200000, 0x0000000086300000|  0%| F|  |TAMS 0x0000000086200000, 0x0000000086200000| Untracked 
|  49|0x0000000086300000, 0x0000000086300000, 0x0000000086400000|  0%| F|  |TAMS 0x0000000086300000, 0x0000000086300000| Untracked 
|  50|0x0000000086400000, 0x0000000086400000, 0x0000000086500000|  0%| F|  |TAMS 0x0000000086400000, 0x0000000086400000| Untracked 
|  51|0x0000000086500000, 0x0000000086500000, 0x0000000086600000|  0%| F|  |TAMS 0x0000000086500000, 0x0000000086500000| Untracked 
|  52|0x0000000086600000, 0x0000000086600000, 0x0000000086700000|  0%| F|  |TAMS 0x0000000086600000, 0x0000000086600000| Untracked 
|  53|0x0000000086700000, 0x0000000086700000, 0x0000000086800000|  0%| F|  |TAMS 0x0000000086700000, 0x0000000086700000| Untracked 
|  54|0x0000000086800000, 0x0000000086800000, 0x0000000086900000|  0%| F|  |TAMS 0x0000000086800000, 0x0000000086800000| Untracked 
|  55|0x0000000086900000, 0x0000000086900000, 0x0000000086a00000|  0%| F|  |TAMS 0x0000000086900000, 0x0000000086900000| Untracked 
|  56|0x0000000086a00000, 0x0000000086b00000, 0x0000000086b00000|100%| E|  |TAMS 0x0000000086a00000, 0x0000000086a00000| Complete 
|  57|0x0000000086b00000, 0x0000000086c00000, 0x0000000086c00000|100%| E|CS|TAMS 0x0000000086b00000, 0x0000000086b00000| Complete 
|  58|0x0000000086c00000, 0x0000000086d00000, 0x0000000086d00000|100%| E|CS|TAMS 0x0000000086c00000, 0x0000000086c00000| Complete 
|  59|0x0000000086d00000, 0x0000000086e00000, 0x0000000086e00000|100%| E|CS|TAMS 0x0000000086d00000, 0x0000000086d00000| Complete 
|  60|0x0000000086e00000, 0x0000000086f00000, 0x0000000086f00000|100%| E|CS|TAMS 0x0000000086e00000, 0x0000000086e00000| Complete 
|  61|0x0000000086f00000, 0x0000000087000000, 0x0000000087000000|100%| E|CS|TAMS 0x0000000086f00000, 0x0000000086f00000| Complete 
|  62|0x0000000087000000, 0x0000000087100000, 0x0000000087100000|100%| E|CS|TAMS 0x0000000087000000, 0x0000000087000000| Complete 
|  63|0x0000000087100000, 0x0000000087200000, 0x0000000087200000|100%| E|CS|TAMS 0x0000000087100000, 0x0000000087100000| Complete 
|  64|0x0000000087200000, 0x0000000087300000, 0x0000000087300000|100%| E|CS|TAMS 0x0000000087200000, 0x0000000087200000| Complete 
|  65|0x0000000087300000, 0x0000000087400000, 0x0000000087400000|100%| E|CS|TAMS 0x0000000087300000, 0x0000000087300000| Complete 
|  66|0x0000000087400000, 0x0000000087500000, 0x0000000087500000|100%| E|CS|TAMS 0x0000000087400000, 0x0000000087400000| Complete 
|  67|0x0000000087500000, 0x0000000087600000, 0x0000000087600000|100%| E|CS|TAMS 0x0000000087500000, 0x0000000087500000| Complete 
|  68|0x0000000087600000, 0x0000000087700000, 0x0000000087700000|100%| E|CS|TAMS 0x0000000087600000, 0x0000000087600000| Complete 
|  69|0x0000000087700000, 0x0000000087800000, 0x0000000087800000|100%| E|CS|TAMS 0x0000000087700000, 0x0000000087700000| Complete 
|  70|0x0000000087800000, 0x0000000087900000, 0x0000000087900000|100%| E|CS|TAMS 0x0000000087800000, 0x0000000087800000| Complete 
|  71|0x0000000087900000, 0x0000000087a00000, 0x0000000087a00000|100%| E|CS|TAMS 0x0000000087900000, 0x0000000087900000| Complete 
|  72|0x0000000087a00000, 0x0000000087b00000, 0x0000000087b00000|100%| E|CS|TAMS 0x0000000087a00000, 0x0000000087a00000| Complete 
|  73|0x0000000087b00000, 0x0000000087c00000, 0x0000000087c00000|100%| E|CS|TAMS 0x0000000087b00000, 0x0000000087b00000| Complete 
|  74|0x0000000087c00000, 0x0000000087d00000, 0x0000000087d00000|100%| E|CS|TAMS 0x0000000087c00000, 0x0000000087c00000| Complete 
|  75|0x0000000087d00000, 0x0000000087e00000, 0x0000000087e00000|100%| E|CS|TAMS 0x0000000087d00000, 0x0000000087d00000| Complete 
|  76|0x0000000087e00000, 0x0000000087f00000, 0x0000000087f00000|100%| E|CS|TAMS 0x0000000087e00000, 0x0000000087e00000| Complete 
|  77|0x0000000087f00000, 0x0000000088000000, 0x0000000088000000|100%| E|CS|TAMS 0x0000000087f00000, 0x0000000087f00000| Complete 
|  78|0x0000000088000000, 0x0000000088100000, 0x0000000088100000|100%| E|CS|TAMS 0x0000000088000000, 0x0000000088000000| Complete 
|  79|0x0000000088100000, 0x0000000088200000, 0x0000000088200000|100%| E|CS|TAMS 0x0000000088100000, 0x0000000088100000| Complete 
|  80|0x0000000088200000, 0x0000000088300000, 0x0000000088300000|100%| E|CS|TAMS 0x0000000088200000, 0x0000000088200000| Complete 
|  81|0x0000000088300000, 0x0000000088400000, 0x0000000088400000|100%| E|CS|TAMS 0x0000000088300000, 0x0000000088300000| Complete 
|  82|0x0000000088400000, 0x0000000088500000, 0x0000000088500000|100%| E|CS|TAMS 0x0000000088400000, 0x0000000088400000| Complete 
|  83|0x0000000088500000, 0x0000000088600000, 0x0000000088600000|100%| E|CS|TAMS 0x0000000088500000, 0x0000000088500000| Complete 
|  84|0x0000000088600000, 0x0000000088700000, 0x0000000088700000|100%| E|CS|TAMS 0x0000000088600000, 0x0000000088600000| Complete 
|  85|0x0000000088700000, 0x0000000088800000, 0x0000000088800000|100%| E|CS|TAMS 0x0000000088700000, 0x0000000088700000| Complete 
|  86|0x0000000088800000, 0x0000000088900000, 0x0000000088900000|100%| E|CS|TAMS 0x0000000088800000, 0x0000000088800000| Complete 
|  87|0x0000000088900000, 0x0000000088a00000, 0x0000000088a00000|100%| E|CS|TAMS 0x0000000088900000, 0x0000000088900000| Complete 
|  88|0x0000000088a00000, 0x0000000088b00000, 0x0000000088b00000|100%| E|CS|TAMS 0x0000000088a00000, 0x0000000088a00000| Complete 
|  89|0x0000000088b00000, 0x0000000088c00000, 0x0000000088c00000|100%| E|CS|TAMS 0x0000000088b00000, 0x0000000088b00000| Complete 
|  90|0x0000000088c00000, 0x0000000088c2b7f8, 0x0000000088d00000| 16%| S|CS|TAMS 0x0000000088c00000, 0x0000000088c00000| Complete 
|  91|0x0000000088d00000, 0x0000000088e00000, 0x0000000088e00000|100%| S|CS|TAMS 0x0000000088d00000, 0x0000000088d00000| Complete 
|  92|0x0000000088e00000, 0x0000000088f00000, 0x0000000088f00000|100%| S|CS|TAMS 0x0000000088e00000, 0x0000000088e00000| Complete 
|  93|0x0000000088f00000, 0x0000000089000000, 0x0000000089000000|100%| E|CS|TAMS 0x0000000088f00000, 0x0000000088f00000| Complete 
|  94|0x0000000089000000, 0x0000000089100000, 0x0000000089100000|100%| E|CS|TAMS 0x0000000089000000, 0x0000000089000000| Complete 
|  95|0x0000000089100000, 0x0000000089200000, 0x0000000089200000|100%| E|CS|TAMS 0x0000000089100000, 0x0000000089100000| Complete 
|  96|0x0000000089200000, 0x0000000089300000, 0x0000000089300000|100%| E|CS|TAMS 0x0000000089200000, 0x0000000089200000| Complete 
|  97|0x0000000089300000, 0x0000000089400000, 0x0000000089400000|100%| E|CS|TAMS 0x0000000089300000, 0x0000000089300000| Complete 
|  98|0x0000000089400000, 0x0000000089500000, 0x0000000089500000|100%| E|CS|TAMS 0x0000000089400000, 0x0000000089400000| Complete 
|  99|0x0000000089500000, 0x0000000089600000, 0x0000000089600000|100%| E|CS|TAMS 0x0000000089500000, 0x0000000089500000| Complete 
| 100|0x0000000089600000, 0x0000000089700000, 0x0000000089700000|100%| E|CS|TAMS 0x0000000089600000, 0x0000000089600000| Complete 
| 101|0x0000000089700000, 0x0000000089800000, 0x0000000089800000|100%| E|CS|TAMS 0x0000000089700000, 0x0000000089700000| Complete 
| 102|0x0000000089800000, 0x0000000089900000, 0x0000000089900000|100%| E|CS|TAMS 0x0000000089800000, 0x0000000089800000| Complete 
| 103|0x0000000089900000, 0x0000000089a00000, 0x0000000089a00000|100%| E|CS|TAMS 0x0000000089900000, 0x0000000089900000| Complete 
| 104|0x0000000089a00000, 0x0000000089b00000, 0x0000000089b00000|100%| E|CS|TAMS 0x0000000089a00000, 0x0000000089a00000| Complete 
| 105|0x0000000089b00000, 0x0000000089c00000, 0x0000000089c00000|100%| E|CS|TAMS 0x0000000089b00000, 0x0000000089b00000| Complete 
| 106|0x0000000089c00000, 0x0000000089d00000, 0x0000000089d00000|100%| E|CS|TAMS 0x0000000089c00000, 0x0000000089c00000| Complete 
| 107|0x0000000089d00000, 0x0000000089e00000, 0x0000000089e00000|100%| E|CS|TAMS 0x0000000089d00000, 0x0000000089d00000| Complete 
| 108|0x0000000089e00000, 0x0000000089f00000, 0x0000000089f00000|100%| E|CS|TAMS 0x0000000089e00000, 0x0000000089e00000| Complete 
| 109|0x0000000089f00000, 0x000000008a000000, 0x000000008a000000|100%| E|CS|TAMS 0x0000000089f00000, 0x0000000089f00000| Complete 
| 110|0x000000008a000000, 0x000000008a100000, 0x000000008a100000|100%| E|CS|TAMS 0x000000008a000000, 0x000000008a000000| Complete 
| 111|0x000000008a100000, 0x000000008a200000, 0x000000008a200000|100%| E|CS|TAMS 0x000000008a100000, 0x000000008a100000| Complete 
| 112|0x000000008a200000, 0x000000008a300000, 0x000000008a300000|100%| E|CS|TAMS 0x000000008a200000, 0x000000008a200000| Complete 
| 113|0x000000008a300000, 0x000000008a400000, 0x000000008a400000|100%| E|CS|TAMS 0x000000008a300000, 0x000000008a300000| Complete 
| 114|0x000000008a400000, 0x000000008a500000, 0x000000008a500000|100%| E|CS|TAMS 0x000000008a400000, 0x000000008a400000| Complete 
| 115|0x000000008a500000, 0x000000008a600000, 0x000000008a600000|100%| E|CS|TAMS 0x000000008a500000, 0x000000008a500000| Complete 
| 116|0x000000008a600000, 0x000000008a700000, 0x000000008a700000|100%| E|CS|TAMS 0x000000008a600000, 0x000000008a600000| Complete 
| 117|0x000000008a700000, 0x000000008a800000, 0x000000008a800000|100%| E|CS|TAMS 0x000000008a700000, 0x000000008a700000| Complete 
| 118|0x000000008a800000, 0x000000008a900000, 0x000000008a900000|100%| E|CS|TAMS 0x000000008a800000, 0x000000008a800000| Complete 
| 119|0x000000008a900000, 0x000000008aa00000, 0x000000008aa00000|100%| E|CS|TAMS 0x000000008a900000, 0x000000008a900000| Complete 
| 120|0x000000008aa00000, 0x000000008ab00000, 0x000000008ab00000|100%| E|CS|TAMS 0x000000008aa00000, 0x000000008aa00000| Complete 
| 121|0x000000008ab00000, 0x000000008ac00000, 0x000000008ac00000|100%| E|CS|TAMS 0x000000008ab00000, 0x000000008ab00000| Complete 
| 122|0x000000008ac00000, 0x000000008ad00000, 0x000000008ad00000|100%| E|CS|TAMS 0x000000008ac00000, 0x000000008ac00000| Complete 
| 123|0x000000008ad00000, 0x000000008ae00000, 0x000000008ae00000|100%| E|CS|TAMS 0x000000008ad00000, 0x000000008ad00000| Complete 
| 124|0x000000008ae00000, 0x000000008af00000, 0x000000008af00000|100%| E|CS|TAMS 0x000000008ae00000, 0x000000008ae00000| Complete 
| 125|0x000000008af00000, 0x000000008b000000, 0x000000008b000000|100%| E|CS|TAMS 0x000000008af00000, 0x000000008af00000| Complete 

Card table byte_map: [0x000001aa33300000,0x000001aa336f0000] _byte_map_base: 0x000001aa32ee7000

Marking Bits (Prev, Next): (CMBitMap*) 0x000001aa1c3c5530, (CMBitMap*) 0x000001aa1c3c5570
 Prev Bits: [0x000001aa33ae0000, 0x000001aa35a18000)
 Next Bits: [0x000001aa35a20000, 0x000001aa37958000)

Polling page: 0x000001aa1a320000

Metaspace:

Usage:
  Non-class:     13.25 MB used.
      Class:      1.78 MB used.
       Both:     15.03 MB used.

Virtual space:
  Non-class space:       16.00 MB reserved,      13.38 MB ( 84%) committed,  2 nodes.
      Class space:        1.00 GB reserved,       1.88 MB ( <1%) committed,  1 nodes.
             Both:        1.02 GB reserved,      15.25 MB (  1%) committed. 

Chunk freelists:
   Non-Class:  1.98 MB
       Class:  1.98 MB
        Both:  3.97 MB

MaxMetaspaceSize: unlimited
CompressedClassSpaceSize: 1.00 GB
Initial GC threshold: 21.00 MB
Current GC threshold: 21.00 MB
CDS: on
MetaspaceReclaimPolicy: balanced
 - commit_granule_bytes: 65536.
 - commit_granule_words: 8192.
 - virtual_space_node_default_size: 1048576.
 - enlarge_chunks_in_place: 1.
 - new_chunks_are_fully_committed: 0.
 - uncommit_free_chunks: 1.
 - use_allocation_guard: 0.
 - handle_deallocations: 1.


Internal statistics:

num_allocs_failed_limit: 0.
num_arena_births: 86.
num_arena_deaths: 0.
num_vsnodes_births: 3.
num_vsnodes_deaths: 0.
num_space_committed: 244.
num_space_uncommitted: 0.
num_chunks_returned_to_freelist: 0.
num_chunks_taken_from_freelist: 622.
num_chunk_merges: 0.
num_chunk_splits: 432.
num_chunks_enlarged: 344.
num_purges: 0.
num_inconsistent_stats: 0.

CodeHeap 'non-profiled nmethods': size=120000Kb used=1874Kb max_used=1874Kb free=118125Kb
 bounds [0x000001aa2b6b0000, 0x000001aa2b920000, 0x000001aa32be0000]
CodeHeap 'profiled nmethods': size=120000Kb used=7312Kb max_used=7312Kb free=112687Kb
 bounds [0x000001aa24180000, 0x000001aa248b0000, 0x000001aa2b6b0000]
CodeHeap 'non-nmethods': size=5760Kb used=1192Kb max_used=1255Kb free=4567Kb
 bounds [0x000001aa23be0000, 0x000001aa23e50000, 0x000001aa24180000]
 total_blobs=4161 nmethods=3688 adapters=385
 compilation: enabled
              stopped_count=0, restarted_count=0
 full_count=0

Compilation events (20 events):
Event: 3.325 Thread 0x000001aa3a3520a0 3660       1       org.apache.maven.model.Model::setArtifactId (6 bytes)
Event: 3.325 Thread 0x000001aa3a3520a0 nmethod 3660 0x000001aa2b87de10 code [0x000001aa2b87dfa0, 0x000001aa2b87e0b8]
Event: 3.325 Thread 0x000001aa3a3520a0 3661       1       org.apache.maven.model.Model::setLicenses (6 bytes)
Event: 3.325 Thread 0x000001aa3a3520a0 nmethod 3661 0x000001aa2b87e110 code [0x000001aa2b87e2a0, 0x000001aa2b87e3b8]
Event: 3.326 Thread 0x000001aa3a3520a0 3662       1       org.apache.maven.model.DistributionManagement::getSnapshotRepository (5 bytes)
Event: 3.326 Thread 0x000001aa3a3520a0 nmethod 3662 0x000001aa2b87e410 code [0x000001aa2b87e5a0, 0x000001aa2b87e678]
Event: 3.326 Thread 0x000001aa3b64c710 3663  s    4       java.util.Hashtable::get (69 bytes)
Event: 3.330 Thread 0x000001aa3a3520a0 3664       1       org.apache.maven.model.Model::setScm (6 bytes)
Event: 3.330 Thread 0x000001aa3a3520a0 nmethod 3664 0x000001aa2b87e710 code [0x000001aa2b87e8a0, 0x000001aa2b87e9b8]
Event: 3.332 Thread 0x000001aa3b64c710 nmethod 3663 0x000001aa2b87ea10 code [0x000001aa2b87eba0, 0x000001aa2b87f258]
Event: 3.335 Thread 0x000001aa3a3520a0 3665       1       org.apache.maven.model.Model::setModelVersion (6 bytes)
Event: 3.335 Thread 0x000001aa3a3520a0 nmethod 3665 0x000001aa2b87f590 code [0x000001aa2b87f720, 0x000001aa2b87f838]
Event: 3.335 Thread 0x000001aa3a34dd50 3666       4       java.util.ArrayList::grow (60 bytes)
Event: 3.335 Thread 0x000001aa3a3520a0 3667       1       org.apache.maven.model.Model::setModelEncoding (6 bytes)
Event: 3.335 Thread 0x000001aa3a3520a0 nmethod 3667 0x000001aa2b87f890 code [0x000001aa2b87fa20, 0x000001aa2b87fb38]
Event: 3.337 Thread 0x000001aa3a3520a0 3668       1       org.apache.maven.model.Model::setName (6 bytes)
Event: 3.337 Thread 0x000001aa3a3520a0 nmethod 3668 0x000001aa2b87fb90 code [0x000001aa2b87fd20, 0x000001aa2b87fe38]
Event: 3.337 Thread 0x000001aa3a3520a0 3669       1       org.apache.maven.model.Model::getPrerequisites (5 bytes)
Event: 3.337 Thread 0x000001aa3a3520a0 nmethod 3669 0x000001aa2b87fe90 code [0x000001aa2b880020, 0x000001aa2b8800f8]
Event: 3.340 Thread 0x000001aa3a34dd50 nmethod 3666 0x000001aa2b880190 code [0x000001aa2b880320, 0x000001aa2b880968]

GC Heap History (4 events):
Event: 0.930 GC heap before
{Heap before GC invocations=0 (full 0):
 garbage-first heap   total 129024K, used 22528K [0x0000000083200000, 0x0000000100000000)
  region size 1024K, 23 young (23552K), 0 survivors (0K)
 Metaspace       used 5506K, committed 5696K, reserved 1056768K
  class space    used 659K, committed 768K, reserved 1048576K
}
Event: 0.936 GC heap after
{Heap after GC invocations=1 (full 0):
 garbage-first heap   total 129024K, used 3769K [0x0000000083200000, 0x0000000100000000)
  region size 1024K, 3 young (3072K), 3 survivors (3072K)
 Metaspace       used 5506K, committed 5696K, reserved 1056768K
  class space    used 659K, committed 768K, reserved 1048576K
}
Event: 1.676 GC heap before
{Heap before GC invocations=1 (full 0):
 garbage-first heap   total 129024K, used 34489K [0x0000000083200000, 0x0000000100000000)
  region size 1024K, 33 young (33792K), 3 survivors (3072K)
 Metaspace       used 10294K, committed 10432K, reserved 1064960K
  class space    used 1263K, committed 1344K, reserved 1048576K
}
Event: 1.682 GC heap after
{Heap after GC invocations=2 (full 0):
 garbage-first heap   total 129024K, used 6007K [0x0000000083200000, 0x0000000100000000)
  region size 1024K, 3 young (3072K), 3 survivors (3072K)
 Metaspace       used 10294K, committed 10432K, reserved 1064960K
  class space    used 1263K, committed 1344K, reserved 1048576K
}

Deoptimization events (20 events):
Event: 3.180 Thread 0x000001aa1c388470 Uncommon trap: trap_request=0xffffff45 fr.pc=0x000001aa2b85d1c4 relative=0x00000000000000a4
Event: 3.180 Thread 0x000001aa1c388470 Uncommon trap: reason=unstable_if action=reinterpret pc=0x000001aa2b85d1c4 method=org.apache.maven.model.io.xpp3.MavenXpp3Reader.nextTag(Lorg/codehaus/plexus/util/xml/pull/XmlPullParser;)I @ 9 c2
Event: 3.180 Thread 0x000001aa1c388470 DEOPT PACKING pc=0x000001aa2b85d1c4 sp=0x000000a64b8fbfd0
Event: 3.180 Thread 0x000001aa1c388470 DEOPT UNPACKING pc=0x000001aa23c35c23 sp=0x000000a64b8fbf60 mode 2
Event: 3.184 Thread 0x000001aa1c388470 DEOPT PACKING pc=0x000001aa247e71ad sp=0x000000a64b8fbe00
Event: 3.184 Thread 0x000001aa1c388470 DEOPT UNPACKING pc=0x000001aa23c36763 sp=0x000000a64b8fb308 mode 0
Event: 3.241 Thread 0x000001aa1c388470 DEOPT PACKING pc=0x000001aa247e71ad sp=0x000000a64b8fbe90
Event: 3.241 Thread 0x000001aa1c388470 DEOPT UNPACKING pc=0x000001aa23c36763 sp=0x000000a64b8fb3a0 mode 0
Event: 3.246 Thread 0x000001aa1c388470 Uncommon trap: trap_request=0xffffffde fr.pc=0x000001aa2b6ea128 relative=0x0000000000000e88
Event: 3.246 Thread 0x000001aa1c388470 Uncommon trap: reason=class_check action=maybe_recompile pc=0x000001aa2b6ea128 method=java.util.concurrent.ConcurrentHashMap.putVal(Ljava/lang/Object;Ljava/lang/Object;Z)Ljava/lang/Object; @ 242 c2
Event: 3.246 Thread 0x000001aa1c388470 DEOPT PACKING pc=0x000001aa2b6ea128 sp=0x000000a64b8fc5f0
Event: 3.246 Thread 0x000001aa1c388470 DEOPT UNPACKING pc=0x000001aa23c35c23 sp=0x000000a64b8fc560 mode 2
Event: 3.293 Thread 0x000001aa1c388470 Uncommon trap: trap_request=0xffffff45 fr.pc=0x000001aa2b7b1f0c relative=0x000000000000026c
Event: 3.293 Thread 0x000001aa1c388470 Uncommon trap: reason=unstable_if action=reinterpret pc=0x000001aa2b7b1f0c method=java.util.concurrent.ConcurrentHashMap.get(Ljava/lang/Object;)Ljava/lang/Object; @ 152 c2
Event: 3.293 Thread 0x000001aa1c388470 DEOPT PACKING pc=0x000001aa2b7b1f0c sp=0x000000a64b8fcde0
Event: 3.293 Thread 0x000001aa1c388470 DEOPT UNPACKING pc=0x000001aa23c35c23 sp=0x000000a64b8fcd58 mode 2
Event: 3.293 Thread 0x000001aa1c388470 Uncommon trap: trap_request=0xffffffde fr.pc=0x000001aa2b6ea128 relative=0x0000000000000e88
Event: 3.293 Thread 0x000001aa1c388470 Uncommon trap: reason=class_check action=maybe_recompile pc=0x000001aa2b6ea128 method=java.util.concurrent.ConcurrentHashMap.putVal(Ljava/lang/Object;Ljava/lang/Object;Z)Ljava/lang/Object; @ 242 c2
Event: 3.293 Thread 0x000001aa1c388470 DEOPT PACKING pc=0x000001aa2b6ea128 sp=0x000000a64b8fcd30
Event: 3.293 Thread 0x000001aa1c388470 DEOPT UNPACKING pc=0x000001aa23c35c23 sp=0x000000a64b8fcca0 mode 2

Classes unloaded (0 events):
No events

Classes redefined (0 events):
No events

Internal exceptions (20 events):
Event: 0.521 Thread 0x000001aa1c388470 Exception <a 'java/lang/NoSuchMethodError'{0x000000008a9bd238}: 'java.lang.Object java.lang.invoke.DirectMethodHandle$Holder.invokeSpecialIFC(java.lang.Object, java.lang.Object, java.lang.Object, java.lang.Object)'> (0x000000008a9bd238) 
thrown [t:\workspace\open\src\hotspot\share\interpreter\linkResolver.cpp, line 766]
Event: 0.707 Thread 0x000001aa1c388470 Exception <a 'java/lang/NoSuchMethodError'{0x000000008a33d5f0}: 'java.lang.Object java.lang.invoke.DirectMethodHandle$Holder.invokeStaticInit(java.lang.Object)'> (0x000000008a33d5f0) 
thrown [t:\workspace\open\src\hotspot\share\interpreter\linkResolver.cpp, line 766]
Event: 0.711 Thread 0x000001aa1c388470 Exception <a 'java/lang/NoSuchMethodError'{0x000000008a359990}: 'void java.lang.invoke.DirectMethodHandle$Holder.invokeSpecial(java.lang.Object, java.lang.Object, java.lang.Object)'> (0x000000008a359990) 
thrown [t:\workspace\open\src\hotspot\share\interpreter\linkResolver.cpp, line 766]
Event: 0.743 Thread 0x000001aa1c388470 Exception <a 'java/lang/NoSuchMethodError'{0x000000008a2b0ee0}: 'java.lang.Object java.lang.invoke.DirectMethodHandle$Holder.invokeInterface(java.lang.Object, java.lang.Object)'> (0x000000008a2b0ee0) 
thrown [t:\workspace\open\src\hotspot\share\interpreter\linkResolver.cpp, line 766]
Event: 0.761 Thread 0x000001aa1c388470 Exception <a 'java/lang/NoSuchMethodError'{0x000000008a158ed8}: 'java.lang.Object java.lang.invoke.Invokers$Holder.invokeExact_MT(java.lang.Object, java.lang.Object, java.lang.Object, java.lang.Object, java.lang.Object, java.lang.Object)'> (0x000000008a158ed8) 
thrown [t:\workspace\open\src\hotspot\share\interpreter\linkResolver.cpp, line 766]
Event: 0.762 Thread 0x000001aa1c388470 Exception <a 'java/lang/NoSuchMethodError'{0x000000008a16a318}: 'int java.lang.invoke.DirectMethodHandle$Holder.invokeSpecialIFC(java.lang.Object, java.lang.Object, java.lang.Object, java.lang.Object, java.lang.Object)'> (0x000000008a16a318) 
thrown [t:\workspace\open\src\hotspot\share\interpreter\linkResolver.cpp, line 766]
Event: 0.826 Thread 0x000001aa1c388470 Exception <a 'java/lang/NoSuchMethodError'{0x0000000089f0a5f0}: 'java.lang.Object java.lang.invoke.DirectMethodHandle$Holder.newInvokeSpecial(java.lang.Object, java.lang.Object, java.lang.Object, java.lang.Object, java.lang.Object)'> (0x0000000089f0a5f0) 
thrown [t:\workspace\open\src\hotspot\share\interpreter\linkResolver.cpp, line 766]
Event: 0.852 Thread 0x000001aa1c388470 Exception <a 'java/lang/NoSuchMethodError'{0x0000000089e0af08}: 'int java.lang.invoke.DirectMethodHandle$Holder.invokeStaticInit(java.lang.Object, java.lang.Object)'> (0x0000000089e0af08) 
thrown [t:\workspace\open\src\hotspot\share\interpreter\linkResolver.cpp, line 766]
Event: 0.862 Thread 0x000001aa1c388470 Exception <a 'java/lang/NoClassDefFoundError'{0x0000000089e425d8}: javax/enterprise/inject/Typed> (0x0000000089e425d8) 
thrown [t:\workspace\open\src\hotspot\share\classfile\systemDictionary.cpp, line 245]
Event: 1.674 Thread 0x000001aa1c388470 Exception <a 'java/lang/NoSuchMethodError'{0x0000000088feaaa8}: 'void java.lang.invoke.DirectMethodHandle$Holder.invokeStaticInit(java.lang.Object, java.lang.Object, java.lang.Object)'> (0x0000000088feaaa8) 
thrown [t:\workspace\open\src\hotspot\share\interpreter\linkResolver.cpp, line 766]
Event: 1.691 Thread 0x000001aa1c388470 Exception <a 'java/lang/ExceptionInInitializerError'{0x000000008af16760}> (0x000000008af16760) 
thrown [t:\workspace\open\src\hotspot\share\oops\instanceKlass.cpp, line 1163]
Event: 1.719 Thread 0x000001aa1c388470 Implicit null exception at 0x000001aa2b72c22f to 0x000001aa2b72c38c
Event: 1.721 Thread 0x000001aa1c388470 Exception <a 'java/lang/NoSuchMethodError'{0x000000008ae232d8}: 'java.lang.Object java.lang.invoke.Invokers$Holder.invokeExact_MT(java.lang.Object, int, java.lang.Object)'> (0x000000008ae232d8) 
thrown [t:\workspace\open\src\hotspot\share\interpreter\linkResolver.cpp, line 766]
Event: 1.733 Thread 0x000001aa1c388470 Exception <a 'java/lang/NoSuchMethodError'{0x000000008aeba698}: 'void java.lang.invoke.DirectMethodHandle$Holder.invokeStatic(java.lang.Object, java.lang.Object)'> (0x000000008aeba698) 
thrown [t:\workspace\open\src\hotspot\share\interpreter\linkResolver.cpp, line 766]
Event: 1.736 Thread 0x000001aa1c388470 Exception <a 'java/lang/NoSuchMethodError'{0x000000008aeca1d8}: 'int java.lang.invoke.DirectMethodHandle$Holder.invokeSpecial(java.lang.Object, java.lang.Object, java.lang.Object, java.lang.Object)'> (0x000000008aeca1d8) 
thrown [t:\workspace\open\src\hotspot\share\interpreter\linkResolver.cpp, line 766]
Event: 1.930 Thread 0x000001aa1c388470 Exception <a 'java/lang/NoClassDefFoundError'{0x000000008a53b600}: com/google/inject/servlet/ServletModuleTargetVisitor> (0x000000008a53b600) 
thrown [t:\workspace\open\src\hotspot\share\classfile\systemDictionary.cpp, line 245]
Event: 1.980 Thread 0x000001aa1c388470 Exception <a 'java/lang/NoSuchMethodError'{0x000000008a4c9110}: 'void java.lang.invoke.DirectMethodHandle$Holder.invokeVirtual(java.lang.Object, java.lang.Object)'> (0x000000008a4c9110) 
thrown [t:\workspace\open\src\hotspot\share\interpreter\linkResolver.cpp, line 766]
Event: 2.007 Thread 0x000001aa1c388470 Exception <a 'java/lang/NoSuchMethodError'{0x000000008a342310}: 'java.lang.Object java.lang.invoke.DirectMethodHandle$Holder.invokeStaticInit(java.lang.Object, int, int, int, int)'> (0x000000008a342310) 
thrown [t:\workspace\open\src\hotspot\share\interpreter\linkResolver.cpp, line 766]
Event: 2.114 Thread 0x000001aa1c388470 Implicit null exception at 0x000001aa2b6da2f2 to 0x000001aa2b6da930
Event: 2.114 Thread 0x000001aa1c388470 Implicit null exception at 0x000001aa2b6e5672 to 0x000001aa2b6e5cc4

VM Operations (20 events):
Event: 1.935 Executing VM operation: ICBufferFull
Event: 1.935 Executing VM operation: ICBufferFull done
Event: 1.991 Executing VM operation: HandshakeAllThreads
Event: 1.991 Executing VM operation: HandshakeAllThreads done
Event: 2.017 Executing VM operation: HandshakeAllThreads
Event: 2.017 Executing VM operation: HandshakeAllThreads done
Event: 2.083 Executing VM operation: HandshakeAllThreads
Event: 2.083 Executing VM operation: HandshakeAllThreads done
Event: 2.084 Executing VM operation: HandshakeAllThreads
Event: 2.084 Executing VM operation: HandshakeAllThreads done
Event: 2.135 Executing VM operation: HandshakeAllThreads
Event: 2.135 Executing VM operation: HandshakeAllThreads done
Event: 2.135 Executing VM operation: HandshakeAllThreads
Event: 2.135 Executing VM operation: HandshakeAllThreads done
Event: 2.381 Executing VM operation: ICBufferFull
Event: 2.381 Executing VM operation: ICBufferFull done
Event: 2.668 Executing VM operation: HandshakeAllThreads
Event: 2.668 Executing VM operation: HandshakeAllThreads done
Event: 2.819 Executing VM operation: ICBufferFull
Event: 2.819 Executing VM operation: ICBufferFull done

Events (20 events):
Event: 2.185 loading class sun/util/resources/Bundles$2
Event: 2.185 loading class sun/util/resources/Bundles$2 done
Event: 2.217 loading class java/lang/Short$ShortCache
Event: 2.217 loading class java/lang/Short$ShortCache done
Event: 2.217 loading class java/lang/Byte$ByteCache
Event: 2.218 loading class java/lang/Byte$ByteCache done
Event: 2.704 loading class java/lang/invoke/MethodHandle$1
Event: 2.704 loading class java/lang/invoke/MethodHandle$1 done
Event: 2.761 loading class java/util/stream/MatchOps$MatchKind
Event: 2.762 loading class java/util/stream/MatchOps$MatchKind done
Event: 2.762 loading class java/util/stream/MatchOps
Event: 2.762 loading class java/util/stream/MatchOps done
Event: 2.762 loading class java/util/stream/MatchOps$MatchOp
Event: 2.762 loading class java/util/stream/MatchOps$MatchOp done
Event: 2.762 loading class java/util/stream/MatchOps$BooleanTerminalSink
Event: 2.763 loading class java/util/stream/MatchOps$BooleanTerminalSink done
Event: 2.763 loading class java/util/stream/MatchOps$1MatchSink
Event: 2.764 loading class java/util/stream/MatchOps$1MatchSink done
Event: 2.862 loading class java/util/LinkedList$LLSpliterator
Event: 2.862 loading class java/util/LinkedList$LLSpliterator done


Dynamic libraries:
0x00007ff721960000 - 0x00007ff721970000 	C:\Program Files\Java\jdk-17.0.2\bin\java.exe
0x00007ffcbee90000 - 0x00007ffcbf088000 	C:\Windows\SYSTEM32\ntdll.dll
0x00007ffcbdf80000 - 0x00007ffcbe041000 	C:\Windows\System32\KERNEL32.DLL
0x00007ffcbc6b0000 - 0x00007ffcbc9ad000 	C:\Windows\System32\KERNELBASE.dll
0x00007ffcbca50000 - 0x00007ffcbcb50000 	C:\Windows\System32\ucrtbase.dll
0x00007ffc97030000 - 0x00007ffc97048000 	C:\Program Files\Java\jdk-17.0.2\bin\jli.dll
0x00007ffc97010000 - 0x00007ffc9702a000 	C:\Program Files\Java\jdk-17.0.2\bin\VCRUNTIME140.dll
0x00007ffcbde70000 - 0x00007ffcbdf20000 	C:\Windows\System32\ADVAPI32.dll
0x00007ffcbd860000 - 0x00007ffcbd8fe000 	C:\Windows\System32\msvcrt.dll
0x00007ffcbd790000 - 0x00007ffcbd830000 	C:\Windows\System32\sechost.dll
0x00007ffcbd120000 - 0x00007ffcbd243000 	C:\Windows\System32\RPCRT4.dll
0x00007ffcbce00000 - 0x00007ffcbce27000 	C:\Windows\System32\bcrypt.dll
0x00007ffcbd900000 - 0x00007ffcbda9d000 	C:\Windows\System32\USER32.dll
0x00007ffcbcb50000 - 0x00007ffcbcb72000 	C:\Windows\System32\win32u.dll
0x00007ffcbbbb0000 - 0x00007ffcbbe4a000 	C:\Windows\WinSxS\amd64_microsoft.windows.common-controls_6595b64144ccf1df_6.0.19041.4355_none_60b8b9eb71f62e16\COMCTL32.dll
0x00007ffcbd830000 - 0x00007ffcbd85b000 	C:\Windows\System32\GDI32.dll
0x00007ffcbc590000 - 0x00007ffcbc6a7000 	C:\Windows\System32\gdi32full.dll
0x00007ffcbc9b0000 - 0x00007ffcbca4d000 	C:\Windows\System32\msvcp_win.dll
0x00007ffcba100000 - 0x00007ffcba10a000 	C:\Windows\SYSTEM32\VERSION.dll
0x00007ffcbe2b0000 - 0x00007ffcbe2df000 	C:\Windows\System32\IMM32.DLL
0x00007ffc9db80000 - 0x00007ffc9db8c000 	C:\Program Files\Java\jdk-17.0.2\bin\vcruntime140_1.dll
0x00007ffc95f20000 - 0x00007ffc95fad000 	C:\Program Files\Java\jdk-17.0.2\bin\msvcp140.dll
0x00007ffc95350000 - 0x00007ffc95f11000 	C:\Program Files\Java\jdk-17.0.2\bin\server\jvm.dll
0x00007ffcb23b0000 - 0x00007ffcb23d7000 	C:\Windows\SYSTEM32\WINMM.dll
0x00007ffcb1790000 - 0x00007ffcb1799000 	C:\Windows\SYSTEM32\WSOCK32.dll
0x00007ffcbea50000 - 0x00007ffcbea58000 	C:\Windows\System32\PSAPI.DLL
0x00007ffcbdbe0000 - 0x00007ffcbdc4b000 	C:\Windows\System32\WS2_32.dll
0x00007ffcb9550000 - 0x00007ffcb9562000 	C:\Windows\SYSTEM32\kernel.appcore.dll
0x00007ffc96fe0000 - 0x00007ffc96fea000 	C:\Program Files\Java\jdk-17.0.2\bin\jimage.dll
0x00007ffcbbeb0000 - 0x00007ffcbc094000 	C:\Windows\SYSTEM32\DBGHELP.DLL
0x00007ffcbbe70000 - 0x00007ffcbbea4000 	C:\Windows\SYSTEM32\dbgcore.DLL
0x00007ffcbce30000 - 0x00007ffcbceb2000 	C:\Windows\System32\bcryptPrimitives.dll
0x00007ffc951f0000 - 0x00007ffc95215000 	C:\Program Files\Java\jdk-17.0.2\bin\java.dll
0x00007ffc95060000 - 0x00007ffc95136000 	C:\Program Files\Java\jdk-17.0.2\bin\jsvml.dll
0x00007ffcbe2e0000 - 0x00007ffcbea4f000 	C:\Windows\System32\SHELL32.dll
0x00007ffcb9570000 - 0x00007ffcb9d0f000 	C:\Windows\SYSTEM32\windows.storage.dll
0x00007ffcbeaf0000 - 0x00007ffcbee43000 	C:\Windows\System32\combase.dll
0x00007ffcbb750000 - 0x00007ffcbb77e000 	C:\Windows\SYSTEM32\Wldp.dll
0x00007ffcbcec0000 - 0x00007ffcbcf8d000 	C:\Windows\System32\OLEAUT32.dll
0x00007ffcbcf90000 - 0x00007ffcbd03d000 	C:\Windows\System32\SHCORE.dll
0x00007ffcbdf20000 - 0x00007ffcbdf75000 	C:\Windows\System32\shlwapi.dll
0x00007ffcbc470000 - 0x00007ffcbc494000 	C:\Windows\SYSTEM32\profapi.dll
0x00007ffc94ca0000 - 0x00007ffc94cb9000 	C:\Program Files\Java\jdk-17.0.2\bin\net.dll
0x00007ffcb8240000 - 0x00007ffcb834d000 	C:\Windows\SYSTEM32\WINHTTP.dll
0x00007ffcbb4f0000 - 0x00007ffcbb55a000 	C:\Windows\system32\mswsock.dll
0x00007ffc94c80000 - 0x00007ffc94c96000 	C:\Program Files\Java\jdk-17.0.2\bin\nio.dll
0x00007ffc94c60000 - 0x00007ffc94c78000 	C:\Program Files\Java\jdk-17.0.2\bin\zip.dll
0x0000000069ac0000 - 0x0000000069ae4000 	C:\apache-maven-3.9.4-bin\apache-maven-3.9.4\lib\jansi-native\Windows\x86_64\jansi.dll
0x00007ffc9f540000 - 0x00007ffc9f550000 	C:\Program Files\Java\jdk-17.0.2\bin\verify.dll

dbghelp: loaded successfully - version: 4.0.5 - missing functions: none
symbol engine: initialized successfully - sym options: 0x614 - pdb path: .;C:\Program Files\Java\jdk-17.0.2\bin;C:\Windows\SYSTEM32;C:\Windows\WinSxS\amd64_microsoft.windows.common-controls_6595b64144ccf1df_6.0.19041.4355_none_60b8b9eb71f62e16;C:\Program Files\Java\jdk-17.0.2\bin\server;C:\apache-maven-3.9.4-bin\apache-maven-3.9.4\lib\jansi-native\Windows\x86_64

VM Arguments:
jvm_args: -Dclassworlds.conf=C:\apache-maven-3.9.4-bin\apache-maven-3.9.4\bin\m2.conf -Dmaven.home=C:\apache-maven-3.9.4-bin\apache-maven-3.9.4 -Dlibrary.jansi.path=C:\apache-maven-3.9.4-bin\apache-maven-3.9.4\lib\jansi-native -Dmaven.multiModuleProjectDirectory=C:\Users\devops\Downloads\ac2_ca-main 
java_command: org.codehaus.plexus.classworlds.launcher.Launcher clean package
java_class_path (initial): C:\apache-maven-3.9.4-bin\apache-maven-3.9.4\boot\plexus-classworlds-2.7.0.jar
Launcher Type: SUN_STANDARD

[Global flags]
     intx CICompilerCount                          = 4                                         {product} {ergonomic}
     uint ConcGCThreads                            = 2                                         {product} {ergonomic}
     uint G1ConcRefinementThreads                  = 8                                         {product} {ergonomic}
   size_t G1HeapRegionSize                         = 1048576                                   {product} {ergonomic}
    uintx GCDrainStackTargetSize                   = 64                                        {product} {ergonomic}
   size_t InitialHeapSize                          = 132120576                                 {product} {ergonomic}
   size_t MarkStackSize                            = 4194304                                   {product} {ergonomic}
   size_t MaxHeapSize                              = 2095054848                                {product} {ergonomic}
   size_t MaxNewSize                               = 1256194048                                {product} {ergonomic}
   size_t MinHeapDeltaBytes                        = 1048576                                   {product} {ergonomic}
   size_t MinHeapSize                              = 8388608                                   {product} {ergonomic}
    uintx NonNMethodCodeHeapSize                   = 5839372                                {pd product} {ergonomic}
    uintx NonProfiledCodeHeapSize                  = 122909434                              {pd product} {ergonomic}
    uintx ProfiledCodeHeapSize                     = 122909434                              {pd product} {ergonomic}
    uintx ReservedCodeCacheSize                    = 251658240                              {pd product} {ergonomic}
     bool SegmentedCodeCache                       = true                                      {product} {ergonomic}
   size_t SoftMaxHeapSize                          = 2095054848                             {manageable} {ergonomic}
     bool UseCompressedClassPointers               = true                           {product lp64_product} {ergonomic}
     bool UseCompressedOops                        = true                           {product lp64_product} {ergonomic}
     bool UseG1GC                                  = true                                      {product} {ergonomic}
     bool UseLargePagesIndividualAllocation        = false                                  {pd product} {ergonomic}

Logging:
Log output configuration:
 #0: stdout all=warning uptime,level,tags
 #1: stderr all=off uptime,level,tags

Environment Variables:
JAVA_HOME=C:\Program Files\Java\jdk-17.0.2
CLASSPATH=C:\LINGO20\Lingo20.jar
PATH=C:\Program Files (x86)\VMware\VMware Player\bin\;C:\Program Files\Microsoft MPI\Bin\;C:\Python310\Scripts\;C:\Python310\;C:\Program Files\Common Files\Oracle\Java\javapath;C:\Program Files (x86)\Common Files\Oracle\Java\javapath;C:\Windows\system32;C:\Windows;C:\Windows\System32\Wbem;C:\Windows\System32\WindowsPowerShell\v1.0\;C:\Windows\System32\OpenSSH\;C:\Program Files\MATLAB\R2016b\bin;C:\Program Files\Microsoft VS Code\bin;C:\Program Files\nodejs\;C:\ProgramData\chocolatey\bin;C:\ProgramData\UNIVALI\Portugol Studio;C:\Program Files (x86)\Microsoft SQL Server\150\DTS\Binn\;C:\Program Files\Azure Data Studio\bin;C:\Program Files\Microsoft SQL Server\120\Tools\Binn\;C:\Program Files (x86)\Windows Kits\8.1\Windows Performance Toolkit\;C:\Program Files (x86)\Common Files\EpsonRC\exe;C:\Program Files (x86)\Microsoft SQL Server\160\Tools\Binn\;C:\Program Files\Microsoft SQL Server\160\Tools\Binn\;C:\Program Files\Microsoft SQL Server\Client SDK\ODBC\170\Tools\Binn\;C:\Program Files\Microsoft SQL Server\160\DTS\Binn\;C:\Program Files (x86)\dotnet\;C:\Program Files (x86)\CODESYS\APInstaller\;C:\LINGO20\;C:\Program Files\Docker\Docker\resources\bin;C:\Program Files\Git\cmd;C:\Program Files\dotnet\;C:\Users\devops\AppData\Local\Microsoft\WindowsApps;C:\apache-maven-3.9.4-bin\apache-maven-3.9.4  \bin;C:\Program Files\Java\jdk-17.0.2\bin;C:\Program Files\Git;C:\apache-maven-3.9.4-bin\apache-maven-3.9.4\bin;C:\Users\devops\AppData\Local\GitHubDesktop\bin
USERNAME=devops
OS=Windows_NT
PROCESSOR_IDENTIFIER=Intel64 Family 6 Model 140 Stepping 1, GenuineIntel



---------------  S Y S T E M  ---------------

OS:
 Windows 10 , 64 bit Build 19041 (10.0.19041.4717)
OS uptime: 0 days 0:30 hours
Hyper-V role detected

CPU: total 8 (initial active 8) (4 cores per cpu, 2 threads per core) family 6 model 140 stepping 1 microcode 0x8a, cx8, cmov, fxsr, ht, mmx, 3dnowpref, sse, sse2, sse3, ssse3, sse4.1, sse4.2, popcnt, lzcnt, tsc, tscinvbit, avx, avx2, aes, erms, clmul, bmi1, bmi2, adx, avx512f, avx512dq, avx512cd, avx512bw, avx512vl, sha, fma, vzeroupper, avx512_vpopcntdq, avx512_vpclmulqdq, avx512_vaes, avx512_vnni, clflush, clflushopt, clwb, avx512_vbmi2, avx512_vbmi, hv

Memory: 4k page, system-wide physical 7991M (617M free)
TotalPageFile size 11991M (AvailPageFile size 26M)
current process WorkingSet (physical memory assigned to process): 163M, peak: 163M
current process commit charge ("private bytes"): 260M, peak: 262M

vm_info: Java HotSpot(TM) 64-Bit Server VM (17.0.2+8-LTS-86) for windows-amd64 JRE (17.0.2+8-LTS-86), built on Dec  7 2021 21:51:03 by "mach5one" with MS VC++ 16.8 / 16.9 (VS2019)

END.
